2018-10-16 15:45:22,868 - SimpleLog4JLogSystem initialized using logfile 'velocity.log'
2018-10-16 15:45:22,868 - ************************************************************** 
2018-10-16 15:45:22,868 - Starting Jakarta Velocity v1.4
2018-10-16 15:45:22,868 - RuntimeInstance initializing.
2018-10-16 15:45:22,868 - Default Properties File: org\apache\velocity\runtime\defaults\velocity.properties
2018-10-16 15:45:22,868 - Trying to use logger class org.apache.velocity.runtime.log.SimpleLog4JLogSystem
2018-10-16 15:45:22,868 - Using logger class org.apache.velocity.runtime.log.SimpleLog4JLogSystem
2018-10-16 15:45:22,873 - Default ResourceManager initializing. (class org.apache.velocity.runtime.resource.ResourceManagerImpl)
2018-10-16 15:45:22,878 - Resource Loader Instantiated: org.apache.velocity.runtime.resource.loader.ClasspathResourceLoader
2018-10-16 15:45:22,878 - ClasspathResourceLoader : initialization starting.
2018-10-16 15:45:22,878 - ClasspathResourceLoader : initialization complete.
2018-10-16 15:45:22,881 - ResourceCache : initialized. (class org.apache.velocity.runtime.resource.ResourceCacheImpl)
2018-10-16 15:45:22,881 - Default ResourceManager initialization complete.
2018-10-16 15:45:22,889 - Loaded System Directive: org.apache.velocity.runtime.directive.Literal
2018-10-16 15:45:22,893 - Loaded System Directive: org.apache.velocity.runtime.directive.Macro
2018-10-16 15:45:22,898 - Loaded System Directive: org.apache.velocity.runtime.directive.Parse
2018-10-16 15:45:22,905 - Loaded System Directive: org.apache.velocity.runtime.directive.Include
2018-10-16 15:45:22,907 - Loaded System Directive: org.apache.velocity.runtime.directive.Foreach
2018-10-16 15:45:22,949 - Created: 20 parsers.
2018-10-16 15:45:22,964 - Velocimacro : initialization starting.
2018-10-16 15:45:22,964 - Velocimacro : adding VMs from VM library template : VM_global_library.vm
2018-10-16 15:45:22,978 - ResourceManager : unable to find resource 'VM_global_library.vm' in any resource loader.
2018-10-16 15:45:22,978 - Velocimacro : error using  VM library template VM_global_library.vm : org.apache.velocity.exception.ResourceNotFoundException: Unable to find resource 'VM_global_library.vm'
2018-10-16 15:45:22,978 - Velocimacro :  VM library template macro registration complete.
2018-10-16 15:45:22,978 - Velocimacro : allowInline = true : VMs can be defined inline in templates
2018-10-16 15:45:22,978 - Velocimacro : allowInlineToOverride = false : VMs defined inline may NOT replace previous VM definitions
2018-10-16 15:45:22,978 - Velocimacro : allowInlineLocal = false : VMs defined inline will be  global in scope if allowed.
2018-10-16 15:45:22,978 - Velocimacro : messages on  : VM system will output logging messages
2018-10-16 15:45:22,978 - Velocimacro : autoload off  : VM system will not automatically reload global library macros
2018-10-16 15:45:22,978 - Velocimacro : initialization complete.
2018-10-16 15:45:22,978 - Velocity successfully started.
2018-10-16 18:09:38,636 - SimpleLog4JLogSystem initialized using logfile 'velocity.log'
2018-10-16 18:09:38,636 - ************************************************************** 
2018-10-16 18:09:38,636 - Starting Jakarta Velocity v1.4
2018-10-16 18:09:38,636 - RuntimeInstance initializing.
2018-10-16 18:09:38,636 - Default Properties File: org\apache\velocity\runtime\defaults\velocity.properties
2018-10-16 18:09:38,637 - Trying to use logger class org.apache.velocity.runtime.log.SimpleLog4JLogSystem
2018-10-16 18:09:38,637 - Using logger class org.apache.velocity.runtime.log.SimpleLog4JLogSystem
2018-10-16 18:09:38,641 - Default ResourceManager initializing. (class org.apache.velocity.runtime.resource.ResourceManagerImpl)
2018-10-16 18:09:38,646 - Resource Loader Instantiated: org.apache.velocity.runtime.resource.loader.ClasspathResourceLoader
2018-10-16 18:09:38,646 - ClasspathResourceLoader : initialization starting.
2018-10-16 18:09:38,646 - ClasspathResourceLoader : initialization complete.
2018-10-16 18:09:38,649 - ResourceCache : initialized. (class org.apache.velocity.runtime.resource.ResourceCacheImpl)
2018-10-16 18:09:38,649 - Default ResourceManager initialization complete.
2018-10-16 18:09:38,653 - Loaded System Directive: org.apache.velocity.runtime.directive.Literal
2018-10-16 18:09:38,656 - Loaded System Directive: org.apache.velocity.runtime.directive.Macro
2018-10-16 18:09:38,661 - Loaded System Directive: org.apache.velocity.runtime.directive.Parse
2018-10-16 18:09:38,663 - Loaded System Directive: org.apache.velocity.runtime.directive.Include
2018-10-16 18:09:38,665 - Loaded System Directive: org.apache.velocity.runtime.directive.Foreach
2018-10-16 18:09:38,697 - Created: 20 parsers.
2018-10-16 18:09:38,711 - Velocimacro : initialization starting.
2018-10-16 18:09:38,711 - Velocimacro : adding VMs from VM library template : VM_global_library.vm
2018-10-16 18:09:38,722 - ResourceManager : unable to find resource 'VM_global_library.vm' in any resource loader.
2018-10-16 18:09:38,722 - Velocimacro : error using  VM library template VM_global_library.vm : org.apache.velocity.exception.ResourceNotFoundException: Unable to find resource 'VM_global_library.vm'
2018-10-16 18:09:38,722 - Velocimacro :  VM library template macro registration complete.
2018-10-16 18:09:38,723 - Velocimacro : allowInline = true : VMs can be defined inline in templates
2018-10-16 18:09:38,723 - Velocimacro : allowInlineToOverride = false : VMs defined inline may NOT replace previous VM definitions
2018-10-16 18:09:38,723 - Velocimacro : allowInlineLocal = false : VMs defined inline will be  global in scope if allowed.
2018-10-16 18:09:38,723 - Velocimacro : messages on  : VM system will output logging messages
2018-10-16 18:09:38,723 - Velocimacro : autoload off  : VM system will not automatically reload global library macros
2018-10-16 18:09:38,723 - Velocimacro : initialization complete.
2018-10-16 18:09:38,723 - Velocity successfully started.
2018-10-16 18:17:35,892 - ResourceManager : found repast/simphony/scenario/Scenario.vt with loader org.apache.velocity.runtime.resource.loader.ClasspathResourceLoader
2018-10-16 18:18:31,889 - SimpleLog4JLogSystem initialized using logfile 'velocity.log'
2018-10-16 18:18:31,890 - ************************************************************** 
2018-10-16 18:18:31,890 - Starting Jakarta Velocity v1.4
2018-10-16 18:18:31,890 - RuntimeInstance initializing.
2018-10-16 18:18:31,890 - Default Properties File: org\apache\velocity\runtime\defaults\velocity.properties
2018-10-16 18:18:31,890 - Trying to use logger class org.apache.velocity.runtime.log.SimpleLog4JLogSystem
2018-10-16 18:18:31,890 - Using logger class org.apache.velocity.runtime.log.SimpleLog4JLogSystem
2018-10-16 18:18:31,894 - Default ResourceManager initializing. (class org.apache.velocity.runtime.resource.ResourceManagerImpl)
2018-10-16 18:18:31,897 - Resource Loader Instantiated: org.apache.velocity.runtime.resource.loader.ClasspathResourceLoader
2018-10-16 18:18:31,897 - ClasspathResourceLoader : initialization starting.
2018-10-16 18:18:31,897 - ClasspathResourceLoader : initialization complete.
2018-10-16 18:18:31,899 - ResourceCache : initialized. (class org.apache.velocity.runtime.resource.ResourceCacheImpl)
2018-10-16 18:18:31,899 - Default ResourceManager initialization complete.
2018-10-16 18:18:31,903 - Loaded System Directive: org.apache.velocity.runtime.directive.Literal
2018-10-16 18:18:31,906 - Loaded System Directive: org.apache.velocity.runtime.directive.Macro
2018-10-16 18:18:31,909 - Loaded System Directive: org.apache.velocity.runtime.directive.Parse
2018-10-16 18:18:31,912 - Loaded System Directive: org.apache.velocity.runtime.directive.Include
2018-10-16 18:18:31,913 - Loaded System Directive: org.apache.velocity.runtime.directive.Foreach
2018-10-16 18:18:31,940 - Created: 20 parsers.
2018-10-16 18:18:31,952 - Velocimacro : initialization starting.
2018-10-16 18:18:31,952 - Velocimacro : adding VMs from VM library template : VM_global_library.vm
2018-10-16 18:18:31,963 - ResourceManager : unable to find resource 'VM_global_library.vm' in any resource loader.
2018-10-16 18:18:31,963 - Velocimacro : error using  VM library template VM_global_library.vm : org.apache.velocity.exception.ResourceNotFoundException: Unable to find resource 'VM_global_library.vm'
2018-10-16 18:18:31,963 - Velocimacro :  VM library template macro registration complete.
2018-10-16 18:18:31,963 - Velocimacro : allowInline = true : VMs can be defined inline in templates
2018-10-16 18:18:31,963 - Velocimacro : allowInlineToOverride = false : VMs defined inline may NOT replace previous VM definitions
2018-10-16 18:18:31,963 - Velocimacro : allowInlineLocal = false : VMs defined inline will be  global in scope if allowed.
2018-10-16 18:18:31,963 - Velocimacro : messages on  : VM system will output logging messages
2018-10-16 18:18:31,963 - Velocimacro : autoload off  : VM system will not automatically reload global library macros
2018-10-16 18:18:31,963 - Velocimacro : initialization complete.
2018-10-16 18:18:31,963 - Velocity successfully started.
2018-10-16 18:31:28,760 - SimpleLog4JLogSystem initialized using logfile 'velocity.log'
2018-10-16 18:31:28,761 - ************************************************************** 
2018-10-16 18:31:28,761 - Starting Jakarta Velocity v1.4
2018-10-16 18:31:28,761 - RuntimeInstance initializing.
2018-10-16 18:31:28,761 - Default Properties File: org\apache\velocity\runtime\defaults\velocity.properties
2018-10-16 18:31:28,761 - Trying to use logger class org.apache.velocity.runtime.log.SimpleLog4JLogSystem
2018-10-16 18:31:28,761 - Using logger class org.apache.velocity.runtime.log.SimpleLog4JLogSystem
2018-10-16 18:31:28,765 - Default ResourceManager initializing. (class org.apache.velocity.runtime.resource.ResourceManagerImpl)
2018-10-16 18:31:28,768 - Resource Loader Instantiated: org.apache.velocity.runtime.resource.loader.ClasspathResourceLoader
2018-10-16 18:31:28,768 - ClasspathResourceLoader : initialization starting.
2018-10-16 18:31:28,768 - ClasspathResourceLoader : initialization complete.
2018-10-16 18:31:28,770 - ResourceCache : initialized. (class org.apache.velocity.runtime.resource.ResourceCacheImpl)
2018-10-16 18:31:28,770 - Default ResourceManager initialization complete.
2018-10-16 18:31:28,774 - Loaded System Directive: org.apache.velocity.runtime.directive.Literal
2018-10-16 18:31:28,776 - Loaded System Directive: org.apache.velocity.runtime.directive.Macro
2018-10-16 18:31:28,779 - Loaded System Directive: org.apache.velocity.runtime.directive.Parse
2018-10-16 18:31:28,782 - Loaded System Directive: org.apache.velocity.runtime.directive.Include
2018-10-16 18:31:28,783 - Loaded System Directive: org.apache.velocity.runtime.directive.Foreach
2018-10-16 18:31:28,808 - Created: 20 parsers.
2018-10-16 18:31:28,818 - Velocimacro : initialization starting.
2018-10-16 18:31:28,818 - Velocimacro : adding VMs from VM library template : VM_global_library.vm
2018-10-16 18:31:28,830 - ResourceManager : unable to find resource 'VM_global_library.vm' in any resource loader.
2018-10-16 18:31:28,830 - Velocimacro : error using  VM library template VM_global_library.vm : org.apache.velocity.exception.ResourceNotFoundException: Unable to find resource 'VM_global_library.vm'
2018-10-16 18:31:28,830 - Velocimacro :  VM library template macro registration complete.
2018-10-16 18:31:28,830 - Velocimacro : allowInline = true : VMs can be defined inline in templates
2018-10-16 18:31:28,830 - Velocimacro : allowInlineToOverride = false : VMs defined inline may NOT replace previous VM definitions
2018-10-16 18:31:28,830 - Velocimacro : allowInlineLocal = false : VMs defined inline will be  global in scope if allowed.
2018-10-16 18:31:28,830 - Velocimacro : messages on  : VM system will output logging messages
2018-10-16 18:31:28,830 - Velocimacro : autoload off  : VM system will not automatically reload global library macros
2018-10-16 18:31:28,830 - Velocimacro : initialization complete.
2018-10-16 18:31:28,830 - Velocity successfully started.
2018-10-16 18:34:26,222 - SimpleLog4JLogSystem initialized using logfile 'velocity.log'
2018-10-16 18:34:26,222 - ************************************************************** 
2018-10-16 18:34:26,222 - Starting Jakarta Velocity v1.4
2018-10-16 18:34:26,222 - RuntimeInstance initializing.
2018-10-16 18:34:26,222 - Default Properties File: org\apache\velocity\runtime\defaults\velocity.properties
2018-10-16 18:34:26,222 - Trying to use logger class org.apache.velocity.runtime.log.SimpleLog4JLogSystem
2018-10-16 18:34:26,222 - Using logger class org.apache.velocity.runtime.log.SimpleLog4JLogSystem
2018-10-16 18:34:26,226 - Default ResourceManager initializing. (class org.apache.velocity.runtime.resource.ResourceManagerImpl)
2018-10-16 18:34:26,230 - Resource Loader Instantiated: org.apache.velocity.runtime.resource.loader.ClasspathResourceLoader
2018-10-16 18:34:26,230 - ClasspathResourceLoader : initialization starting.
2018-10-16 18:34:26,230 - ClasspathResourceLoader : initialization complete.
2018-10-16 18:34:26,232 - ResourceCache : initialized. (class org.apache.velocity.runtime.resource.ResourceCacheImpl)
2018-10-16 18:34:26,232 - Default ResourceManager initialization complete.
2018-10-16 18:34:26,236 - Loaded System Directive: org.apache.velocity.runtime.directive.Literal
2018-10-16 18:34:26,238 - Loaded System Directive: org.apache.velocity.runtime.directive.Macro
2018-10-16 18:34:26,241 - Loaded System Directive: org.apache.velocity.runtime.directive.Parse
2018-10-16 18:34:26,243 - Loaded System Directive: org.apache.velocity.runtime.directive.Include
2018-10-16 18:34:26,244 - Loaded System Directive: org.apache.velocity.runtime.directive.Foreach
2018-10-16 18:34:26,270 - Created: 20 parsers.
2018-10-16 18:34:26,282 - Velocimacro : initialization starting.
2018-10-16 18:34:26,282 - Velocimacro : adding VMs from VM library template : VM_global_library.vm
2018-10-16 18:34:26,293 - ResourceManager : unable to find resource 'VM_global_library.vm' in any resource loader.
2018-10-16 18:34:26,293 - Velocimacro : error using  VM library template VM_global_library.vm : org.apache.velocity.exception.ResourceNotFoundException: Unable to find resource 'VM_global_library.vm'
2018-10-16 18:34:26,293 - Velocimacro :  VM library template macro registration complete.
2018-10-16 18:34:26,293 - Velocimacro : allowInline = true : VMs can be defined inline in templates
2018-10-16 18:34:26,293 - Velocimacro : allowInlineToOverride = false : VMs defined inline may NOT replace previous VM definitions
2018-10-16 18:34:26,293 - Velocimacro : allowInlineLocal = false : VMs defined inline will be  global in scope if allowed.
2018-10-16 18:34:26,293 - Velocimacro : messages on  : VM system will output logging messages
2018-10-16 18:34:26,293 - Velocimacro : autoload off  : VM system will not automatically reload global library macros
2018-10-16 18:34:26,293 - Velocimacro : initialization complete.
2018-10-16 18:34:26,293 - Velocity successfully started.
2018-10-16 18:40:35,894 - SimpleLog4JLogSystem initialized using logfile 'velocity.log'
2018-10-16 18:40:35,894 - ************************************************************** 
2018-10-16 18:40:35,895 - Starting Jakarta Velocity v1.4
2018-10-16 18:40:35,895 - RuntimeInstance initializing.
2018-10-16 18:40:35,895 - Default Properties File: org\apache\velocity\runtime\defaults\velocity.properties
2018-10-16 18:40:35,895 - Trying to use logger class org.apache.velocity.runtime.log.SimpleLog4JLogSystem
2018-10-16 18:40:35,895 - Using logger class org.apache.velocity.runtime.log.SimpleLog4JLogSystem
2018-10-16 18:40:35,900 - Default ResourceManager initializing. (class org.apache.velocity.runtime.resource.ResourceManagerImpl)
2018-10-16 18:40:35,907 - Resource Loader Instantiated: org.apache.velocity.runtime.resource.loader.ClasspathResourceLoader
2018-10-16 18:40:35,907 - ClasspathResourceLoader : initialization starting.
2018-10-16 18:40:35,907 - ClasspathResourceLoader : initialization complete.
2018-10-16 18:40:35,912 - ResourceCache : initialized. (class org.apache.velocity.runtime.resource.ResourceCacheImpl)
2018-10-16 18:40:35,913 - Default ResourceManager initialization complete.
2018-10-16 18:40:35,920 - Loaded System Directive: org.apache.velocity.runtime.directive.Literal
2018-10-16 18:40:35,923 - Loaded System Directive: org.apache.velocity.runtime.directive.Macro
2018-10-16 18:40:35,927 - Loaded System Directive: org.apache.velocity.runtime.directive.Parse
2018-10-16 18:40:35,930 - Loaded System Directive: org.apache.velocity.runtime.directive.Include
2018-10-16 18:40:35,932 - Loaded System Directive: org.apache.velocity.runtime.directive.Foreach
2018-10-16 18:40:35,965 - Created: 20 parsers.
2018-10-16 18:40:35,983 - Velocimacro : initialization starting.
2018-10-16 18:40:35,983 - Velocimacro : adding VMs from VM library template : VM_global_library.vm
2018-10-16 18:40:35,994 - ResourceManager : unable to find resource 'VM_global_library.vm' in any resource loader.
2018-10-16 18:40:35,994 - Velocimacro : error using  VM library template VM_global_library.vm : org.apache.velocity.exception.ResourceNotFoundException: Unable to find resource 'VM_global_library.vm'
2018-10-16 18:40:35,994 - Velocimacro :  VM library template macro registration complete.
2018-10-16 18:40:35,994 - Velocimacro : allowInline = true : VMs can be defined inline in templates
2018-10-16 18:40:35,994 - Velocimacro : allowInlineToOverride = false : VMs defined inline may NOT replace previous VM definitions
2018-10-16 18:40:35,994 - Velocimacro : allowInlineLocal = false : VMs defined inline will be  global in scope if allowed.
2018-10-16 18:40:35,994 - Velocimacro : messages on  : VM system will output logging messages
2018-10-16 18:40:35,994 - Velocimacro : autoload off  : VM system will not automatically reload global library macros
2018-10-16 18:40:35,994 - Velocimacro : initialization complete.
2018-10-16 18:40:35,994 - Velocity successfully started.
2018-10-16 18:41:31,147 - SimpleLog4JLogSystem initialized using logfile 'velocity.log'
2018-10-16 18:41:31,147 - ************************************************************** 
2018-10-16 18:41:31,147 - Starting Jakarta Velocity v1.4
2018-10-16 18:41:31,147 - RuntimeInstance initializing.
2018-10-16 18:41:31,147 - Default Properties File: org\apache\velocity\runtime\defaults\velocity.properties
2018-10-16 18:41:31,147 - Trying to use logger class org.apache.velocity.runtime.log.SimpleLog4JLogSystem
2018-10-16 18:41:31,147 - Using logger class org.apache.velocity.runtime.log.SimpleLog4JLogSystem
2018-10-16 18:41:31,152 - Default ResourceManager initializing. (class org.apache.velocity.runtime.resource.ResourceManagerImpl)
2018-10-16 18:41:31,155 - Resource Loader Instantiated: org.apache.velocity.runtime.resource.loader.ClasspathResourceLoader
2018-10-16 18:41:31,156 - ClasspathResourceLoader : initialization starting.
2018-10-16 18:41:31,156 - ClasspathResourceLoader : initialization complete.
2018-10-16 18:41:31,158 - ResourceCache : initialized. (class org.apache.velocity.runtime.resource.ResourceCacheImpl)
2018-10-16 18:41:31,158 - Default ResourceManager initialization complete.
2018-10-16 18:41:31,163 - Loaded System Directive: org.apache.velocity.runtime.directive.Literal
2018-10-16 18:41:31,166 - Loaded System Directive: org.apache.velocity.runtime.directive.Macro
2018-10-16 18:41:31,170 - Loaded System Directive: org.apache.velocity.runtime.directive.Parse
2018-10-16 18:41:31,173 - Loaded System Directive: org.apache.velocity.runtime.directive.Include
2018-10-16 18:41:31,174 - Loaded System Directive: org.apache.velocity.runtime.directive.Foreach
2018-10-16 18:41:31,204 - Created: 20 parsers.
2018-10-16 18:41:31,218 - Velocimacro : initialization starting.
2018-10-16 18:41:31,218 - Velocimacro : adding VMs from VM library template : VM_global_library.vm
2018-10-16 18:41:31,228 - ResourceManager : unable to find resource 'VM_global_library.vm' in any resource loader.
2018-10-16 18:41:31,228 - Velocimacro : error using  VM library template VM_global_library.vm : org.apache.velocity.exception.ResourceNotFoundException: Unable to find resource 'VM_global_library.vm'
2018-10-16 18:41:31,228 - Velocimacro :  VM library template macro registration complete.
2018-10-16 18:41:31,229 - Velocimacro : allowInline = true : VMs can be defined inline in templates
2018-10-16 18:41:31,229 - Velocimacro : allowInlineToOverride = false : VMs defined inline may NOT replace previous VM definitions
2018-10-16 18:41:31,229 - Velocimacro : allowInlineLocal = false : VMs defined inline will be  global in scope if allowed.
2018-10-16 18:41:31,229 - Velocimacro : messages on  : VM system will output logging messages
2018-10-16 18:41:31,229 - Velocimacro : autoload off  : VM system will not automatically reload global library macros
2018-10-16 18:41:31,229 - Velocimacro : initialization complete.
2018-10-16 18:41:31,229 - Velocity successfully started.
2018-10-16 18:42:06,117 - SimpleLog4JLogSystem initialized using logfile 'velocity.log'
2018-10-16 18:42:06,117 - ************************************************************** 
2018-10-16 18:42:06,117 - Starting Jakarta Velocity v1.4
2018-10-16 18:42:06,117 - RuntimeInstance initializing.
2018-10-16 18:42:06,117 - Default Properties File: org\apache\velocity\runtime\defaults\velocity.properties
2018-10-16 18:42:06,117 - Trying to use logger class org.apache.velocity.runtime.log.SimpleLog4JLogSystem
2018-10-16 18:42:06,117 - Using logger class org.apache.velocity.runtime.log.SimpleLog4JLogSystem
2018-10-16 18:42:06,123 - Default ResourceManager initializing. (class org.apache.velocity.runtime.resource.ResourceManagerImpl)
2018-10-16 18:42:06,128 - Resource Loader Instantiated: org.apache.velocity.runtime.resource.loader.ClasspathResourceLoader
2018-10-16 18:42:06,128 - ClasspathResourceLoader : initialization starting.
2018-10-16 18:42:06,128 - ClasspathResourceLoader : initialization complete.
2018-10-16 18:42:06,131 - ResourceCache : initialized. (class org.apache.velocity.runtime.resource.ResourceCacheImpl)
2018-10-16 18:42:06,131 - Default ResourceManager initialization complete.
2018-10-16 18:42:06,136 - Loaded System Directive: org.apache.velocity.runtime.directive.Literal
2018-10-16 18:42:06,139 - Loaded System Directive: org.apache.velocity.runtime.directive.Macro
2018-10-16 18:42:06,144 - Loaded System Directive: org.apache.velocity.runtime.directive.Parse
2018-10-16 18:42:06,147 - Loaded System Directive: org.apache.velocity.runtime.directive.Include
2018-10-16 18:42:06,149 - Loaded System Directive: org.apache.velocity.runtime.directive.Foreach
2018-10-16 18:42:06,183 - Created: 20 parsers.
2018-10-16 18:42:06,195 - Velocimacro : initialization starting.
2018-10-16 18:42:06,195 - Velocimacro : adding VMs from VM library template : VM_global_library.vm
2018-10-16 18:42:06,206 - ResourceManager : unable to find resource 'VM_global_library.vm' in any resource loader.
2018-10-16 18:42:06,207 - Velocimacro : error using  VM library template VM_global_library.vm : org.apache.velocity.exception.ResourceNotFoundException: Unable to find resource 'VM_global_library.vm'
2018-10-16 18:42:06,207 - Velocimacro :  VM library template macro registration complete.
2018-10-16 18:42:06,207 - Velocimacro : allowInline = true : VMs can be defined inline in templates
2018-10-16 18:42:06,207 - Velocimacro : allowInlineToOverride = false : VMs defined inline may NOT replace previous VM definitions
2018-10-16 18:42:06,207 - Velocimacro : allowInlineLocal = false : VMs defined inline will be  global in scope if allowed.
2018-10-16 18:42:06,207 - Velocimacro : messages on  : VM system will output logging messages
2018-10-16 18:42:06,207 - Velocimacro : autoload off  : VM system will not automatically reload global library macros
2018-10-16 18:42:06,207 - Velocimacro : initialization complete.
2018-10-16 18:42:06,207 - Velocity successfully started.
2018-10-16 18:43:31,666 - SimpleLog4JLogSystem initialized using logfile 'velocity.log'
2018-10-16 18:43:31,667 - ************************************************************** 
2018-10-16 18:43:31,667 - Starting Jakarta Velocity v1.4
2018-10-16 18:43:31,667 - RuntimeInstance initializing.
2018-10-16 18:43:31,667 - Default Properties File: org\apache\velocity\runtime\defaults\velocity.properties
2018-10-16 18:43:31,667 - Trying to use logger class org.apache.velocity.runtime.log.SimpleLog4JLogSystem
2018-10-16 18:43:31,667 - Using logger class org.apache.velocity.runtime.log.SimpleLog4JLogSystem
2018-10-16 18:43:31,672 - Default ResourceManager initializing. (class org.apache.velocity.runtime.resource.ResourceManagerImpl)
2018-10-16 18:43:31,676 - Resource Loader Instantiated: org.apache.velocity.runtime.resource.loader.ClasspathResourceLoader
2018-10-16 18:43:31,676 - ClasspathResourceLoader : initialization starting.
2018-10-16 18:43:31,676 - ClasspathResourceLoader : initialization complete.
2018-10-16 18:43:31,679 - ResourceCache : initialized. (class org.apache.velocity.runtime.resource.ResourceCacheImpl)
2018-10-16 18:43:31,679 - Default ResourceManager initialization complete.
2018-10-16 18:43:31,683 - Loaded System Directive: org.apache.velocity.runtime.directive.Literal
2018-10-16 18:43:31,686 - Loaded System Directive: org.apache.velocity.runtime.directive.Macro
2018-10-16 18:43:31,691 - Loaded System Directive: org.apache.velocity.runtime.directive.Parse
2018-10-16 18:43:31,694 - Loaded System Directive: org.apache.velocity.runtime.directive.Include
2018-10-16 18:43:31,695 - Loaded System Directive: org.apache.velocity.runtime.directive.Foreach
2018-10-16 18:43:31,725 - Created: 20 parsers.
2018-10-16 18:43:31,738 - Velocimacro : initialization starting.
2018-10-16 18:43:31,738 - Velocimacro : adding VMs from VM library template : VM_global_library.vm
2018-10-16 18:43:31,749 - ResourceManager : unable to find resource 'VM_global_library.vm' in any resource loader.
2018-10-16 18:43:31,749 - Velocimacro : error using  VM library template VM_global_library.vm : org.apache.velocity.exception.ResourceNotFoundException: Unable to find resource 'VM_global_library.vm'
2018-10-16 18:43:31,749 - Velocimacro :  VM library template macro registration complete.
2018-10-16 18:43:31,749 - Velocimacro : allowInline = true : VMs can be defined inline in templates
2018-10-16 18:43:31,749 - Velocimacro : allowInlineToOverride = false : VMs defined inline may NOT replace previous VM definitions
2018-10-16 18:43:31,749 - Velocimacro : allowInlineLocal = false : VMs defined inline will be  global in scope if allowed.
2018-10-16 18:43:31,749 - Velocimacro : messages on  : VM system will output logging messages
2018-10-16 18:43:31,749 - Velocimacro : autoload off  : VM system will not automatically reload global library macros
2018-10-16 18:43:31,749 - Velocimacro : initialization complete.
2018-10-16 18:43:31,749 - Velocity successfully started.
2018-10-16 18:44:06,683 - SimpleLog4JLogSystem initialized using logfile 'velocity.log'
2018-10-16 18:44:06,683 - ************************************************************** 
2018-10-16 18:44:06,683 - Starting Jakarta Velocity v1.4
2018-10-16 18:44:06,683 - RuntimeInstance initializing.
2018-10-16 18:44:06,683 - Default Properties File: org\apache\velocity\runtime\defaults\velocity.properties
2018-10-16 18:44:06,683 - Trying to use logger class org.apache.velocity.runtime.log.SimpleLog4JLogSystem
2018-10-16 18:44:06,683 - Using logger class org.apache.velocity.runtime.log.SimpleLog4JLogSystem
2018-10-16 18:44:06,687 - Default ResourceManager initializing. (class org.apache.velocity.runtime.resource.ResourceManagerImpl)
2018-10-16 18:44:06,692 - Resource Loader Instantiated: org.apache.velocity.runtime.resource.loader.ClasspathResourceLoader
2018-10-16 18:44:06,692 - ClasspathResourceLoader : initialization starting.
2018-10-16 18:44:06,692 - ClasspathResourceLoader : initialization complete.
2018-10-16 18:44:06,694 - ResourceCache : initialized. (class org.apache.velocity.runtime.resource.ResourceCacheImpl)
2018-10-16 18:44:06,694 - Default ResourceManager initialization complete.
2018-10-16 18:44:06,699 - Loaded System Directive: org.apache.velocity.runtime.directive.Literal
2018-10-16 18:44:06,701 - Loaded System Directive: org.apache.velocity.runtime.directive.Macro
2018-10-16 18:44:06,706 - Loaded System Directive: org.apache.velocity.runtime.directive.Parse
2018-10-16 18:44:06,709 - Loaded System Directive: org.apache.velocity.runtime.directive.Include
2018-10-16 18:44:06,710 - Loaded System Directive: org.apache.velocity.runtime.directive.Foreach
2018-10-16 18:44:06,747 - Created: 20 parsers.
2018-10-16 18:44:06,761 - Velocimacro : initialization starting.
2018-10-16 18:44:06,762 - Velocimacro : adding VMs from VM library template : VM_global_library.vm
2018-10-16 18:44:06,772 - ResourceManager : unable to find resource 'VM_global_library.vm' in any resource loader.
2018-10-16 18:44:06,772 - Velocimacro : error using  VM library template VM_global_library.vm : org.apache.velocity.exception.ResourceNotFoundException: Unable to find resource 'VM_global_library.vm'
2018-10-16 18:44:06,772 - Velocimacro :  VM library template macro registration complete.
2018-10-16 18:44:06,772 - Velocimacro : allowInline = true : VMs can be defined inline in templates
2018-10-16 18:44:06,772 - Velocimacro : allowInlineToOverride = false : VMs defined inline may NOT replace previous VM definitions
2018-10-16 18:44:06,772 - Velocimacro : allowInlineLocal = false : VMs defined inline will be  global in scope if allowed.
2018-10-16 18:44:06,772 - Velocimacro : messages on  : VM system will output logging messages
2018-10-16 18:44:06,772 - Velocimacro : autoload off  : VM system will not automatically reload global library macros
2018-10-16 18:44:06,772 - Velocimacro : initialization complete.
2018-10-16 18:44:06,772 - Velocity successfully started.
2018-10-16 18:44:39,763 - SimpleLog4JLogSystem initialized using logfile 'velocity.log'
2018-10-16 18:44:39,764 - ************************************************************** 
2018-10-16 18:44:39,764 - Starting Jakarta Velocity v1.4
2018-10-16 18:44:39,764 - RuntimeInstance initializing.
2018-10-16 18:44:39,764 - Default Properties File: org\apache\velocity\runtime\defaults\velocity.properties
2018-10-16 18:44:39,764 - Trying to use logger class org.apache.velocity.runtime.log.SimpleLog4JLogSystem
2018-10-16 18:44:39,764 - Using logger class org.apache.velocity.runtime.log.SimpleLog4JLogSystem
2018-10-16 18:44:39,769 - Default ResourceManager initializing. (class org.apache.velocity.runtime.resource.ResourceManagerImpl)
2018-10-16 18:44:39,775 - Resource Loader Instantiated: org.apache.velocity.runtime.resource.loader.ClasspathResourceLoader
2018-10-16 18:44:39,775 - ClasspathResourceLoader : initialization starting.
2018-10-16 18:44:39,775 - ClasspathResourceLoader : initialization complete.
2018-10-16 18:44:39,778 - ResourceCache : initialized. (class org.apache.velocity.runtime.resource.ResourceCacheImpl)
2018-10-16 18:44:39,778 - Default ResourceManager initialization complete.
2018-10-16 18:44:39,782 - Loaded System Directive: org.apache.velocity.runtime.directive.Literal
2018-10-16 18:44:39,785 - Loaded System Directive: org.apache.velocity.runtime.directive.Macro
2018-10-16 18:44:39,790 - Loaded System Directive: org.apache.velocity.runtime.directive.Parse
2018-10-16 18:44:39,793 - Loaded System Directive: org.apache.velocity.runtime.directive.Include
2018-10-16 18:44:39,794 - Loaded System Directive: org.apache.velocity.runtime.directive.Foreach
2018-10-16 18:44:39,826 - Created: 20 parsers.
2018-10-16 18:44:39,839 - Velocimacro : initialization starting.
2018-10-16 18:44:39,839 - Velocimacro : adding VMs from VM library template : VM_global_library.vm
2018-10-16 18:44:39,851 - ResourceManager : unable to find resource 'VM_global_library.vm' in any resource loader.
2018-10-16 18:44:39,851 - Velocimacro : error using  VM library template VM_global_library.vm : org.apache.velocity.exception.ResourceNotFoundException: Unable to find resource 'VM_global_library.vm'
2018-10-16 18:44:39,851 - Velocimacro :  VM library template macro registration complete.
2018-10-16 18:44:39,851 - Velocimacro : allowInline = true : VMs can be defined inline in templates
2018-10-16 18:44:39,851 - Velocimacro : allowInlineToOverride = false : VMs defined inline may NOT replace previous VM definitions
2018-10-16 18:44:39,851 - Velocimacro : allowInlineLocal = false : VMs defined inline will be  global in scope if allowed.
2018-10-16 18:44:39,851 - Velocimacro : messages on  : VM system will output logging messages
2018-10-16 18:44:39,851 - Velocimacro : autoload off  : VM system will not automatically reload global library macros
2018-10-16 18:44:39,851 - Velocimacro : initialization complete.
2018-10-16 18:44:39,851 - Velocity successfully started.
2018-10-16 18:46:51,615 - SimpleLog4JLogSystem initialized using logfile 'velocity.log'
2018-10-16 18:46:51,615 - ************************************************************** 
2018-10-16 18:46:51,615 - Starting Jakarta Velocity v1.4
2018-10-16 18:46:51,615 - RuntimeInstance initializing.
2018-10-16 18:46:51,615 - Default Properties File: org\apache\velocity\runtime\defaults\velocity.properties
2018-10-16 18:46:51,615 - Trying to use logger class org.apache.velocity.runtime.log.SimpleLog4JLogSystem
2018-10-16 18:46:51,615 - Using logger class org.apache.velocity.runtime.log.SimpleLog4JLogSystem
2018-10-16 18:46:51,620 - Default ResourceManager initializing. (class org.apache.velocity.runtime.resource.ResourceManagerImpl)
2018-10-16 18:46:51,624 - Resource Loader Instantiated: org.apache.velocity.runtime.resource.loader.ClasspathResourceLoader
2018-10-16 18:46:51,624 - ClasspathResourceLoader : initialization starting.
2018-10-16 18:46:51,624 - ClasspathResourceLoader : initialization complete.
2018-10-16 18:46:51,627 - ResourceCache : initialized. (class org.apache.velocity.runtime.resource.ResourceCacheImpl)
2018-10-16 18:46:51,628 - Default ResourceManager initialization complete.
2018-10-16 18:46:51,632 - Loaded System Directive: org.apache.velocity.runtime.directive.Literal
2018-10-16 18:46:51,636 - Loaded System Directive: org.apache.velocity.runtime.directive.Macro
2018-10-16 18:46:51,641 - Loaded System Directive: org.apache.velocity.runtime.directive.Parse
2018-10-16 18:46:51,645 - Loaded System Directive: org.apache.velocity.runtime.directive.Include
2018-10-16 18:46:51,647 - Loaded System Directive: org.apache.velocity.runtime.directive.Foreach
2018-10-16 18:46:51,704 - Created: 20 parsers.
2018-10-16 18:46:51,730 - Velocimacro : initialization starting.
2018-10-16 18:46:51,730 - Velocimacro : adding VMs from VM library template : VM_global_library.vm
2018-10-16 18:46:51,753 - ResourceManager : unable to find resource 'VM_global_library.vm' in any resource loader.
2018-10-16 18:46:51,753 - Velocimacro : error using  VM library template VM_global_library.vm : org.apache.velocity.exception.ResourceNotFoundException: Unable to find resource 'VM_global_library.vm'
2018-10-16 18:46:51,753 - Velocimacro :  VM library template macro registration complete.
2018-10-16 18:46:51,753 - Velocimacro : allowInline = true : VMs can be defined inline in templates
2018-10-16 18:46:51,753 - Velocimacro : allowInlineToOverride = false : VMs defined inline may NOT replace previous VM definitions
2018-10-16 18:46:51,753 - Velocimacro : allowInlineLocal = false : VMs defined inline will be  global in scope if allowed.
2018-10-16 18:46:51,753 - Velocimacro : messages on  : VM system will output logging messages
2018-10-16 18:46:51,753 - Velocimacro : autoload off  : VM system will not automatically reload global library macros
2018-10-16 18:46:51,753 - Velocimacro : initialization complete.
2018-10-16 18:46:51,753 - Velocity successfully started.
2018-10-16 18:51:25,828 - SimpleLog4JLogSystem initialized using logfile 'velocity.log'
2018-10-16 18:51:25,828 - ************************************************************** 
2018-10-16 18:51:25,828 - Starting Jakarta Velocity v1.4
2018-10-16 18:51:25,828 - RuntimeInstance initializing.
2018-10-16 18:51:25,828 - Default Properties File: org\apache\velocity\runtime\defaults\velocity.properties
2018-10-16 18:51:25,828 - Trying to use logger class org.apache.velocity.runtime.log.SimpleLog4JLogSystem
2018-10-16 18:51:25,828 - Using logger class org.apache.velocity.runtime.log.SimpleLog4JLogSystem
2018-10-16 18:51:25,832 - Default ResourceManager initializing. (class org.apache.velocity.runtime.resource.ResourceManagerImpl)
2018-10-16 18:51:25,836 - Resource Loader Instantiated: org.apache.velocity.runtime.resource.loader.ClasspathResourceLoader
2018-10-16 18:51:25,836 - ClasspathResourceLoader : initialization starting.
2018-10-16 18:51:25,836 - ClasspathResourceLoader : initialization complete.
2018-10-16 18:51:25,839 - ResourceCache : initialized. (class org.apache.velocity.runtime.resource.ResourceCacheImpl)
2018-10-16 18:51:25,839 - Default ResourceManager initialization complete.
2018-10-16 18:51:25,844 - Loaded System Directive: org.apache.velocity.runtime.directive.Literal
2018-10-16 18:51:25,846 - Loaded System Directive: org.apache.velocity.runtime.directive.Macro
2018-10-16 18:51:25,850 - Loaded System Directive: org.apache.velocity.runtime.directive.Parse
2018-10-16 18:51:25,853 - Loaded System Directive: org.apache.velocity.runtime.directive.Include
2018-10-16 18:51:25,856 - Loaded System Directive: org.apache.velocity.runtime.directive.Foreach
2018-10-16 18:51:25,891 - Created: 20 parsers.
2018-10-16 18:51:25,906 - Velocimacro : initialization starting.
2018-10-16 18:51:25,906 - Velocimacro : adding VMs from VM library template : VM_global_library.vm
2018-10-16 18:51:25,920 - ResourceManager : unable to find resource 'VM_global_library.vm' in any resource loader.
2018-10-16 18:51:25,920 - Velocimacro : error using  VM library template VM_global_library.vm : org.apache.velocity.exception.ResourceNotFoundException: Unable to find resource 'VM_global_library.vm'
2018-10-16 18:51:25,920 - Velocimacro :  VM library template macro registration complete.
2018-10-16 18:51:25,921 - Velocimacro : allowInline = true : VMs can be defined inline in templates
2018-10-16 18:51:25,921 - Velocimacro : allowInlineToOverride = false : VMs defined inline may NOT replace previous VM definitions
2018-10-16 18:51:25,921 - Velocimacro : allowInlineLocal = false : VMs defined inline will be  global in scope if allowed.
2018-10-16 18:51:25,921 - Velocimacro : messages on  : VM system will output logging messages
2018-10-16 18:51:25,921 - Velocimacro : autoload off  : VM system will not automatically reload global library macros
2018-10-16 18:51:25,921 - Velocimacro : initialization complete.
2018-10-16 18:51:25,921 - Velocity successfully started.
2018-10-16 18:58:44,981 - SimpleLog4JLogSystem initialized using logfile 'velocity.log'
2018-10-16 18:58:44,981 - ************************************************************** 
2018-10-16 18:58:44,982 - Starting Jakarta Velocity v1.4
2018-10-16 18:58:44,982 - RuntimeInstance initializing.
2018-10-16 18:58:44,982 - Default Properties File: org\apache\velocity\runtime\defaults\velocity.properties
2018-10-16 18:58:44,982 - Trying to use logger class org.apache.velocity.runtime.log.SimpleLog4JLogSystem
2018-10-16 18:58:44,982 - Using logger class org.apache.velocity.runtime.log.SimpleLog4JLogSystem
2018-10-16 18:58:44,987 - Default ResourceManager initializing. (class org.apache.velocity.runtime.resource.ResourceManagerImpl)
2018-10-16 18:58:44,991 - Resource Loader Instantiated: org.apache.velocity.runtime.resource.loader.ClasspathResourceLoader
2018-10-16 18:58:44,991 - ClasspathResourceLoader : initialization starting.
2018-10-16 18:58:44,991 - ClasspathResourceLoader : initialization complete.
2018-10-16 18:58:44,994 - ResourceCache : initialized. (class org.apache.velocity.runtime.resource.ResourceCacheImpl)
2018-10-16 18:58:44,994 - Default ResourceManager initialization complete.
2018-10-16 18:58:44,998 - Loaded System Directive: org.apache.velocity.runtime.directive.Literal
2018-10-16 18:58:45,002 - Loaded System Directive: org.apache.velocity.runtime.directive.Macro
2018-10-16 18:58:45,007 - Loaded System Directive: org.apache.velocity.runtime.directive.Parse
2018-10-16 18:58:45,009 - Loaded System Directive: org.apache.velocity.runtime.directive.Include
2018-10-16 18:58:45,011 - Loaded System Directive: org.apache.velocity.runtime.directive.Foreach
2018-10-16 18:58:45,043 - Created: 20 parsers.
2018-10-16 18:58:45,056 - Velocimacro : initialization starting.
2018-10-16 18:58:45,056 - Velocimacro : adding VMs from VM library template : VM_global_library.vm
2018-10-16 18:58:45,068 - ResourceManager : unable to find resource 'VM_global_library.vm' in any resource loader.
2018-10-16 18:58:45,068 - Velocimacro : error using  VM library template VM_global_library.vm : org.apache.velocity.exception.ResourceNotFoundException: Unable to find resource 'VM_global_library.vm'
2018-10-16 18:58:45,068 - Velocimacro :  VM library template macro registration complete.
2018-10-16 18:58:45,068 - Velocimacro : allowInline = true : VMs can be defined inline in templates
2018-10-16 18:58:45,068 - Velocimacro : allowInlineToOverride = false : VMs defined inline may NOT replace previous VM definitions
2018-10-16 18:58:45,068 - Velocimacro : allowInlineLocal = false : VMs defined inline will be  global in scope if allowed.
2018-10-16 18:58:45,068 - Velocimacro : messages on  : VM system will output logging messages
2018-10-16 18:58:45,068 - Velocimacro : autoload off  : VM system will not automatically reload global library macros
2018-10-16 18:58:45,068 - Velocimacro : initialization complete.
2018-10-16 18:58:45,068 - Velocity successfully started.
2018-10-16 19:04:10,714 - SimpleLog4JLogSystem initialized using logfile 'velocity.log'
2018-10-16 19:04:10,714 - ************************************************************** 
2018-10-16 19:04:10,714 - Starting Jakarta Velocity v1.4
2018-10-16 19:04:10,715 - RuntimeInstance initializing.
2018-10-16 19:04:10,715 - Default Properties File: org\apache\velocity\runtime\defaults\velocity.properties
2018-10-16 19:04:10,715 - Trying to use logger class org.apache.velocity.runtime.log.SimpleLog4JLogSystem
2018-10-16 19:04:10,715 - Using logger class org.apache.velocity.runtime.log.SimpleLog4JLogSystem
2018-10-16 19:04:10,719 - Default ResourceManager initializing. (class org.apache.velocity.runtime.resource.ResourceManagerImpl)
2018-10-16 19:04:10,723 - Resource Loader Instantiated: org.apache.velocity.runtime.resource.loader.ClasspathResourceLoader
2018-10-16 19:04:10,723 - ClasspathResourceLoader : initialization starting.
2018-10-16 19:04:10,723 - ClasspathResourceLoader : initialization complete.
2018-10-16 19:04:10,726 - ResourceCache : initialized. (class org.apache.velocity.runtime.resource.ResourceCacheImpl)
2018-10-16 19:04:10,726 - Default ResourceManager initialization complete.
2018-10-16 19:04:10,730 - Loaded System Directive: org.apache.velocity.runtime.directive.Literal
2018-10-16 19:04:10,733 - Loaded System Directive: org.apache.velocity.runtime.directive.Macro
2018-10-16 19:04:10,737 - Loaded System Directive: org.apache.velocity.runtime.directive.Parse
2018-10-16 19:04:10,739 - Loaded System Directive: org.apache.velocity.runtime.directive.Include
2018-10-16 19:04:10,742 - Loaded System Directive: org.apache.velocity.runtime.directive.Foreach
2018-10-16 19:04:10,774 - Created: 20 parsers.
2018-10-16 19:04:10,784 - Velocimacro : initialization starting.
2018-10-16 19:04:10,784 - Velocimacro : adding VMs from VM library template : VM_global_library.vm
2018-10-16 19:04:10,795 - ResourceManager : unable to find resource 'VM_global_library.vm' in any resource loader.
2018-10-16 19:04:10,796 - Velocimacro : error using  VM library template VM_global_library.vm : org.apache.velocity.exception.ResourceNotFoundException: Unable to find resource 'VM_global_library.vm'
2018-10-16 19:04:10,796 - Velocimacro :  VM library template macro registration complete.
2018-10-16 19:04:10,796 - Velocimacro : allowInline = true : VMs can be defined inline in templates
2018-10-16 19:04:10,796 - Velocimacro : allowInlineToOverride = false : VMs defined inline may NOT replace previous VM definitions
2018-10-16 19:04:10,796 - Velocimacro : allowInlineLocal = false : VMs defined inline will be  global in scope if allowed.
2018-10-16 19:04:10,796 - Velocimacro : messages on  : VM system will output logging messages
2018-10-16 19:04:10,796 - Velocimacro : autoload off  : VM system will not automatically reload global library macros
2018-10-16 19:04:10,796 - Velocimacro : initialization complete.
2018-10-16 19:04:10,796 - Velocity successfully started.
2018-10-16 19:14:49,562 - SimpleLog4JLogSystem initialized using logfile 'velocity.log'
2018-10-16 19:14:49,562 - ************************************************************** 
2018-10-16 19:14:49,562 - Starting Jakarta Velocity v1.4
2018-10-16 19:14:49,562 - RuntimeInstance initializing.
2018-10-16 19:14:49,562 - Default Properties File: org\apache\velocity\runtime\defaults\velocity.properties
2018-10-16 19:14:49,562 - Trying to use logger class org.apache.velocity.runtime.log.SimpleLog4JLogSystem
2018-10-16 19:14:49,562 - Using logger class org.apache.velocity.runtime.log.SimpleLog4JLogSystem
2018-10-16 19:14:49,567 - Default ResourceManager initializing. (class org.apache.velocity.runtime.resource.ResourceManagerImpl)
2018-10-16 19:14:49,571 - Resource Loader Instantiated: org.apache.velocity.runtime.resource.loader.ClasspathResourceLoader
2018-10-16 19:14:49,571 - ClasspathResourceLoader : initialization starting.
2018-10-16 19:14:49,571 - ClasspathResourceLoader : initialization complete.
2018-10-16 19:14:49,574 - ResourceCache : initialized. (class org.apache.velocity.runtime.resource.ResourceCacheImpl)
2018-10-16 19:14:49,574 - Default ResourceManager initialization complete.
2018-10-16 19:14:49,578 - Loaded System Directive: org.apache.velocity.runtime.directive.Literal
2018-10-16 19:14:49,581 - Loaded System Directive: org.apache.velocity.runtime.directive.Macro
2018-10-16 19:14:49,585 - Loaded System Directive: org.apache.velocity.runtime.directive.Parse
2018-10-16 19:14:49,590 - Loaded System Directive: org.apache.velocity.runtime.directive.Include
2018-10-16 19:14:49,591 - Loaded System Directive: org.apache.velocity.runtime.directive.Foreach
2018-10-16 19:14:49,623 - Created: 20 parsers.
2018-10-16 19:14:49,637 - Velocimacro : initialization starting.
2018-10-16 19:14:49,637 - Velocimacro : adding VMs from VM library template : VM_global_library.vm
2018-10-16 19:14:49,649 - ResourceManager : unable to find resource 'VM_global_library.vm' in any resource loader.
2018-10-16 19:14:49,649 - Velocimacro : error using  VM library template VM_global_library.vm : org.apache.velocity.exception.ResourceNotFoundException: Unable to find resource 'VM_global_library.vm'
2018-10-16 19:14:49,649 - Velocimacro :  VM library template macro registration complete.
2018-10-16 19:14:49,649 - Velocimacro : allowInline = true : VMs can be defined inline in templates
2018-10-16 19:14:49,649 - Velocimacro : allowInlineToOverride = false : VMs defined inline may NOT replace previous VM definitions
2018-10-16 19:14:49,649 - Velocimacro : allowInlineLocal = false : VMs defined inline will be  global in scope if allowed.
2018-10-16 19:14:49,649 - Velocimacro : messages on  : VM system will output logging messages
2018-10-16 19:14:49,649 - Velocimacro : autoload off  : VM system will not automatically reload global library macros
2018-10-16 19:14:49,649 - Velocimacro : initialization complete.
2018-10-16 19:14:49,649 - Velocity successfully started.
2018-10-16 19:17:12,795 - SimpleLog4JLogSystem initialized using logfile 'velocity.log'
2018-10-16 19:17:12,795 - ************************************************************** 
2018-10-16 19:17:12,795 - Starting Jakarta Velocity v1.4
2018-10-16 19:17:12,795 - RuntimeInstance initializing.
2018-10-16 19:17:12,795 - Default Properties File: org\apache\velocity\runtime\defaults\velocity.properties
2018-10-16 19:17:12,795 - Trying to use logger class org.apache.velocity.runtime.log.SimpleLog4JLogSystem
2018-10-16 19:17:12,795 - Using logger class org.apache.velocity.runtime.log.SimpleLog4JLogSystem
2018-10-16 19:17:12,800 - Default ResourceManager initializing. (class org.apache.velocity.runtime.resource.ResourceManagerImpl)
2018-10-16 19:17:12,804 - Resource Loader Instantiated: org.apache.velocity.runtime.resource.loader.ClasspathResourceLoader
2018-10-16 19:17:12,804 - ClasspathResourceLoader : initialization starting.
2018-10-16 19:17:12,804 - ClasspathResourceLoader : initialization complete.
2018-10-16 19:17:12,807 - ResourceCache : initialized. (class org.apache.velocity.runtime.resource.ResourceCacheImpl)
2018-10-16 19:17:12,807 - Default ResourceManager initialization complete.
2018-10-16 19:17:12,811 - Loaded System Directive: org.apache.velocity.runtime.directive.Literal
2018-10-16 19:17:12,814 - Loaded System Directive: org.apache.velocity.runtime.directive.Macro
2018-10-16 19:17:12,817 - Loaded System Directive: org.apache.velocity.runtime.directive.Parse
2018-10-16 19:17:12,819 - Loaded System Directive: org.apache.velocity.runtime.directive.Include
2018-10-16 19:17:12,820 - Loaded System Directive: org.apache.velocity.runtime.directive.Foreach
2018-10-16 19:17:12,847 - Created: 20 parsers.
2018-10-16 19:17:12,857 - Velocimacro : initialization starting.
2018-10-16 19:17:12,857 - Velocimacro : adding VMs from VM library template : VM_global_library.vm
2018-10-16 19:17:12,868 - ResourceManager : unable to find resource 'VM_global_library.vm' in any resource loader.
2018-10-16 19:17:12,868 - Velocimacro : error using  VM library template VM_global_library.vm : org.apache.velocity.exception.ResourceNotFoundException: Unable to find resource 'VM_global_library.vm'
2018-10-16 19:17:12,868 - Velocimacro :  VM library template macro registration complete.
2018-10-16 19:17:12,869 - Velocimacro : allowInline = true : VMs can be defined inline in templates
2018-10-16 19:17:12,869 - Velocimacro : allowInlineToOverride = false : VMs defined inline may NOT replace previous VM definitions
2018-10-16 19:17:12,869 - Velocimacro : allowInlineLocal = false : VMs defined inline will be  global in scope if allowed.
2018-10-16 19:17:12,869 - Velocimacro : messages on  : VM system will output logging messages
2018-10-16 19:17:12,869 - Velocimacro : autoload off  : VM system will not automatically reload global library macros
2018-10-16 19:17:12,869 - Velocimacro : initialization complete.
2018-10-16 19:17:12,869 - Velocity successfully started.
2018-10-16 19:18:01,928 - SimpleLog4JLogSystem initialized using logfile 'velocity.log'
2018-10-16 19:18:01,928 - ************************************************************** 
2018-10-16 19:18:01,928 - Starting Jakarta Velocity v1.4
2018-10-16 19:18:01,928 - RuntimeInstance initializing.
2018-10-16 19:18:01,928 - Default Properties File: org\apache\velocity\runtime\defaults\velocity.properties
2018-10-16 19:18:01,928 - Trying to use logger class org.apache.velocity.runtime.log.SimpleLog4JLogSystem
2018-10-16 19:18:01,928 - Using logger class org.apache.velocity.runtime.log.SimpleLog4JLogSystem
2018-10-16 19:18:01,934 - Default ResourceManager initializing. (class org.apache.velocity.runtime.resource.ResourceManagerImpl)
2018-10-16 19:18:01,938 - Resource Loader Instantiated: org.apache.velocity.runtime.resource.loader.ClasspathResourceLoader
2018-10-16 19:18:01,938 - ClasspathResourceLoader : initialization starting.
2018-10-16 19:18:01,938 - ClasspathResourceLoader : initialization complete.
2018-10-16 19:18:01,941 - ResourceCache : initialized. (class org.apache.velocity.runtime.resource.ResourceCacheImpl)
2018-10-16 19:18:01,941 - Default ResourceManager initialization complete.
2018-10-16 19:18:01,945 - Loaded System Directive: org.apache.velocity.runtime.directive.Literal
2018-10-16 19:18:01,948 - Loaded System Directive: org.apache.velocity.runtime.directive.Macro
2018-10-16 19:18:01,952 - Loaded System Directive: org.apache.velocity.runtime.directive.Parse
2018-10-16 19:18:01,954 - Loaded System Directive: org.apache.velocity.runtime.directive.Include
2018-10-16 19:18:01,956 - Loaded System Directive: org.apache.velocity.runtime.directive.Foreach
2018-10-16 19:18:01,986 - Created: 20 parsers.
2018-10-16 19:18:01,998 - Velocimacro : initialization starting.
2018-10-16 19:18:01,998 - Velocimacro : adding VMs from VM library template : VM_global_library.vm
2018-10-16 19:18:02,009 - ResourceManager : unable to find resource 'VM_global_library.vm' in any resource loader.
2018-10-16 19:18:02,009 - Velocimacro : error using  VM library template VM_global_library.vm : org.apache.velocity.exception.ResourceNotFoundException: Unable to find resource 'VM_global_library.vm'
2018-10-16 19:18:02,009 - Velocimacro :  VM library template macro registration complete.
2018-10-16 19:18:02,009 - Velocimacro : allowInline = true : VMs can be defined inline in templates
2018-10-16 19:18:02,009 - Velocimacro : allowInlineToOverride = false : VMs defined inline may NOT replace previous VM definitions
2018-10-16 19:18:02,009 - Velocimacro : allowInlineLocal = false : VMs defined inline will be  global in scope if allowed.
2018-10-16 19:18:02,009 - Velocimacro : messages on  : VM system will output logging messages
2018-10-16 19:18:02,009 - Velocimacro : autoload off  : VM system will not automatically reload global library macros
2018-10-16 19:18:02,009 - Velocimacro : initialization complete.
2018-10-16 19:18:02,009 - Velocity successfully started.
2018-10-16 19:18:30,934 - SimpleLog4JLogSystem initialized using logfile 'velocity.log'
2018-10-16 19:18:30,934 - ************************************************************** 
2018-10-16 19:18:30,934 - Starting Jakarta Velocity v1.4
2018-10-16 19:18:30,934 - RuntimeInstance initializing.
2018-10-16 19:18:30,934 - Default Properties File: org\apache\velocity\runtime\defaults\velocity.properties
2018-10-16 19:18:30,934 - Trying to use logger class org.apache.velocity.runtime.log.SimpleLog4JLogSystem
2018-10-16 19:18:30,934 - Using logger class org.apache.velocity.runtime.log.SimpleLog4JLogSystem
2018-10-16 19:18:30,938 - Default ResourceManager initializing. (class org.apache.velocity.runtime.resource.ResourceManagerImpl)
2018-10-16 19:18:30,943 - Resource Loader Instantiated: org.apache.velocity.runtime.resource.loader.ClasspathResourceLoader
2018-10-16 19:18:30,943 - ClasspathResourceLoader : initialization starting.
2018-10-16 19:18:30,943 - ClasspathResourceLoader : initialization complete.
2018-10-16 19:18:30,945 - ResourceCache : initialized. (class org.apache.velocity.runtime.resource.ResourceCacheImpl)
2018-10-16 19:18:30,945 - Default ResourceManager initialization complete.
2018-10-16 19:18:30,950 - Loaded System Directive: org.apache.velocity.runtime.directive.Literal
2018-10-16 19:18:30,952 - Loaded System Directive: org.apache.velocity.runtime.directive.Macro
2018-10-16 19:18:30,957 - Loaded System Directive: org.apache.velocity.runtime.directive.Parse
2018-10-16 19:18:30,959 - Loaded System Directive: org.apache.velocity.runtime.directive.Include
2018-10-16 19:18:30,961 - Loaded System Directive: org.apache.velocity.runtime.directive.Foreach
2018-10-16 19:18:30,991 - Created: 20 parsers.
2018-10-16 19:18:31,004 - Velocimacro : initialization starting.
2018-10-16 19:18:31,004 - Velocimacro : adding VMs from VM library template : VM_global_library.vm
2018-10-16 19:18:31,015 - ResourceManager : unable to find resource 'VM_global_library.vm' in any resource loader.
2018-10-16 19:18:31,015 - Velocimacro : error using  VM library template VM_global_library.vm : org.apache.velocity.exception.ResourceNotFoundException: Unable to find resource 'VM_global_library.vm'
2018-10-16 19:18:31,015 - Velocimacro :  VM library template macro registration complete.
2018-10-16 19:18:31,016 - Velocimacro : allowInline = true : VMs can be defined inline in templates
2018-10-16 19:18:31,016 - Velocimacro : allowInlineToOverride = false : VMs defined inline may NOT replace previous VM definitions
2018-10-16 19:18:31,016 - Velocimacro : allowInlineLocal = false : VMs defined inline will be  global in scope if allowed.
2018-10-16 19:18:31,016 - Velocimacro : messages on  : VM system will output logging messages
2018-10-16 19:18:31,016 - Velocimacro : autoload off  : VM system will not automatically reload global library macros
2018-10-16 19:18:31,016 - Velocimacro : initialization complete.
2018-10-16 19:18:31,016 - Velocity successfully started.
2018-10-16 19:29:41,771 - SimpleLog4JLogSystem initialized using logfile 'velocity.log'
2018-10-16 19:29:41,771 - ************************************************************** 
2018-10-16 19:29:41,772 - Starting Jakarta Velocity v1.4
2018-10-16 19:29:41,772 - RuntimeInstance initializing.
2018-10-16 19:29:41,772 - Default Properties File: org\apache\velocity\runtime\defaults\velocity.properties
2018-10-16 19:29:41,772 - Trying to use logger class org.apache.velocity.runtime.log.SimpleLog4JLogSystem
2018-10-16 19:29:41,772 - Using logger class org.apache.velocity.runtime.log.SimpleLog4JLogSystem
2018-10-16 19:29:41,776 - Default ResourceManager initializing. (class org.apache.velocity.runtime.resource.ResourceManagerImpl)
2018-10-16 19:29:41,781 - Resource Loader Instantiated: org.apache.velocity.runtime.resource.loader.ClasspathResourceLoader
2018-10-16 19:29:41,781 - ClasspathResourceLoader : initialization starting.
2018-10-16 19:29:41,781 - ClasspathResourceLoader : initialization complete.
2018-10-16 19:29:41,785 - ResourceCache : initialized. (class org.apache.velocity.runtime.resource.ResourceCacheImpl)
2018-10-16 19:29:41,785 - Default ResourceManager initialization complete.
2018-10-16 19:29:41,791 - Loaded System Directive: org.apache.velocity.runtime.directive.Literal
2018-10-16 19:29:41,794 - Loaded System Directive: org.apache.velocity.runtime.directive.Macro
2018-10-16 19:29:41,798 - Loaded System Directive: org.apache.velocity.runtime.directive.Parse
2018-10-16 19:29:41,801 - Loaded System Directive: org.apache.velocity.runtime.directive.Include
2018-10-16 19:29:41,803 - Loaded System Directive: org.apache.velocity.runtime.directive.Foreach
2018-10-16 19:29:41,837 - Created: 20 parsers.
2018-10-16 19:29:41,850 - Velocimacro : initialization starting.
2018-10-16 19:29:41,850 - Velocimacro : adding VMs from VM library template : VM_global_library.vm
2018-10-16 19:29:41,861 - ResourceManager : unable to find resource 'VM_global_library.vm' in any resource loader.
2018-10-16 19:29:41,861 - Velocimacro : error using  VM library template VM_global_library.vm : org.apache.velocity.exception.ResourceNotFoundException: Unable to find resource 'VM_global_library.vm'
2018-10-16 19:29:41,861 - Velocimacro :  VM library template macro registration complete.
2018-10-16 19:29:41,861 - Velocimacro : allowInline = true : VMs can be defined inline in templates
2018-10-16 19:29:41,861 - Velocimacro : allowInlineToOverride = false : VMs defined inline may NOT replace previous VM definitions
2018-10-16 19:29:41,861 - Velocimacro : allowInlineLocal = false : VMs defined inline will be  global in scope if allowed.
2018-10-16 19:29:41,861 - Velocimacro : messages on  : VM system will output logging messages
2018-10-16 19:29:41,861 - Velocimacro : autoload off  : VM system will not automatically reload global library macros
2018-10-16 19:29:41,861 - Velocimacro : initialization complete.
2018-10-16 19:29:41,861 - Velocity successfully started.
