2016-10-07 12:10:31,055 - SimpleLog4JLogSystem initialized using logfile 'velocity.log'
2016-10-07 12:10:31,056 - ************************************************************** 
2016-10-07 12:10:31,056 - Starting Jakarta Velocity v1.4
2016-10-07 12:10:31,056 - RuntimeInstance initializing.
2016-10-07 12:10:31,056 - Default Properties File: org\apache\velocity\runtime\defaults\velocity.properties
2016-10-07 12:10:31,056 - Trying to use logger class org.apache.velocity.runtime.log.SimpleLog4JLogSystem
2016-10-07 12:10:31,056 - Using logger class org.apache.velocity.runtime.log.SimpleLog4JLogSystem
2016-10-07 12:10:31,060 - Default ResourceManager initializing. (class org.apache.velocity.runtime.resource.ResourceManagerImpl)
2016-10-07 12:10:31,063 - Resource Loader Instantiated: org.apache.velocity.runtime.resource.loader.ClasspathResourceLoader
2016-10-07 12:10:31,063 - ClasspathResourceLoader : initialization starting.
2016-10-07 12:10:31,063 - ClasspathResourceLoader : initialization complete.
2016-10-07 12:10:31,065 - ResourceCache : initialized. (class org.apache.velocity.runtime.resource.ResourceCacheImpl)
2016-10-07 12:10:31,065 - Default ResourceManager initialization complete.
2016-10-07 12:10:31,069 - Loaded System Directive: org.apache.velocity.runtime.directive.Literal
2016-10-07 12:10:31,071 - Loaded System Directive: org.apache.velocity.runtime.directive.Macro
2016-10-07 12:10:31,076 - Loaded System Directive: org.apache.velocity.runtime.directive.Parse
2016-10-07 12:10:31,079 - Loaded System Directive: org.apache.velocity.runtime.directive.Include
2016-10-07 12:10:31,080 - Loaded System Directive: org.apache.velocity.runtime.directive.Foreach
2016-10-07 12:10:31,117 - Created: 20 parsers.
2016-10-07 12:10:31,131 - Velocimacro : initialization starting.
2016-10-07 12:10:31,132 - Velocimacro : adding VMs from VM library template : VM_global_library.vm
2016-10-07 12:10:31,143 - ResourceManager : unable to find resource 'VM_global_library.vm' in any resource loader.
2016-10-07 12:10:31,143 - Velocimacro : error using  VM library template VM_global_library.vm : org.apache.velocity.exception.ResourceNotFoundException: Unable to find resource 'VM_global_library.vm'
2016-10-07 12:10:31,143 - Velocimacro :  VM library template macro registration complete.
2016-10-07 12:10:31,143 - Velocimacro : allowInline = true : VMs can be defined inline in templates
2016-10-07 12:10:31,143 - Velocimacro : allowInlineToOverride = false : VMs defined inline may NOT replace previous VM definitions
2016-10-07 12:10:31,143 - Velocimacro : allowInlineLocal = false : VMs defined inline will be  global in scope if allowed.
2016-10-07 12:10:31,143 - Velocimacro : messages on  : VM system will output logging messages
2016-10-07 12:10:31,143 - Velocimacro : autoload off  : VM system will not automatically reload global library macros
2016-10-07 12:10:31,144 - Velocimacro : initialization complete.
2016-10-07 12:10:31,144 - Velocity successfully started.
2016-10-07 12:13:35,605 - SimpleLog4JLogSystem initialized using logfile 'velocity.log'
2016-10-07 12:13:35,606 - ************************************************************** 
2016-10-07 12:13:35,606 - Starting Jakarta Velocity v1.4
2016-10-07 12:13:35,606 - RuntimeInstance initializing.
2016-10-07 12:13:35,606 - Default Properties File: org\apache\velocity\runtime\defaults\velocity.properties
2016-10-07 12:13:35,606 - Trying to use logger class org.apache.velocity.runtime.log.SimpleLog4JLogSystem
2016-10-07 12:13:35,606 - Using logger class org.apache.velocity.runtime.log.SimpleLog4JLogSystem
2016-10-07 12:13:35,610 - Default ResourceManager initializing. (class org.apache.velocity.runtime.resource.ResourceManagerImpl)
2016-10-07 12:13:35,613 - Resource Loader Instantiated: org.apache.velocity.runtime.resource.loader.ClasspathResourceLoader
2016-10-07 12:13:35,613 - ClasspathResourceLoader : initialization starting.
2016-10-07 12:13:35,613 - ClasspathResourceLoader : initialization complete.
2016-10-07 12:13:35,615 - ResourceCache : initialized. (class org.apache.velocity.runtime.resource.ResourceCacheImpl)
2016-10-07 12:13:35,615 - Default ResourceManager initialization complete.
2016-10-07 12:13:35,619 - Loaded System Directive: org.apache.velocity.runtime.directive.Literal
2016-10-07 12:13:35,621 - Loaded System Directive: org.apache.velocity.runtime.directive.Macro
2016-10-07 12:13:35,626 - Loaded System Directive: org.apache.velocity.runtime.directive.Parse
2016-10-07 12:13:35,628 - Loaded System Directive: org.apache.velocity.runtime.directive.Include
2016-10-07 12:13:35,630 - Loaded System Directive: org.apache.velocity.runtime.directive.Foreach
2016-10-07 12:13:35,666 - Created: 20 parsers.
2016-10-07 12:13:35,680 - Velocimacro : initialization starting.
2016-10-07 12:13:35,680 - Velocimacro : adding VMs from VM library template : VM_global_library.vm
2016-10-07 12:13:35,691 - ResourceManager : unable to find resource 'VM_global_library.vm' in any resource loader.
2016-10-07 12:13:35,691 - Velocimacro : error using  VM library template VM_global_library.vm : org.apache.velocity.exception.ResourceNotFoundException: Unable to find resource 'VM_global_library.vm'
2016-10-07 12:13:35,691 - Velocimacro :  VM library template macro registration complete.
2016-10-07 12:13:35,691 - Velocimacro : allowInline = true : VMs can be defined inline in templates
2016-10-07 12:13:35,691 - Velocimacro : allowInlineToOverride = false : VMs defined inline may NOT replace previous VM definitions
2016-10-07 12:13:35,691 - Velocimacro : allowInlineLocal = false : VMs defined inline will be  global in scope if allowed.
2016-10-07 12:13:35,691 - Velocimacro : messages on  : VM system will output logging messages
2016-10-07 12:13:35,691 - Velocimacro : autoload off  : VM system will not automatically reload global library macros
2016-10-07 12:13:35,691 - Velocimacro : initialization complete.
2016-10-07 12:13:35,691 - Velocity successfully started.
2016-10-07 12:19:42,749 - SimpleLog4JLogSystem initialized using logfile 'velocity.log'
2016-10-07 12:19:42,750 - ************************************************************** 
2016-10-07 12:19:42,750 - Starting Jakarta Velocity v1.4
2016-10-07 12:19:42,750 - RuntimeInstance initializing.
2016-10-07 12:19:42,750 - Default Properties File: org\apache\velocity\runtime\defaults\velocity.properties
2016-10-07 12:19:42,750 - Trying to use logger class org.apache.velocity.runtime.log.SimpleLog4JLogSystem
2016-10-07 12:19:42,750 - Using logger class org.apache.velocity.runtime.log.SimpleLog4JLogSystem
2016-10-07 12:19:42,754 - Default ResourceManager initializing. (class org.apache.velocity.runtime.resource.ResourceManagerImpl)
2016-10-07 12:19:42,757 - Resource Loader Instantiated: org.apache.velocity.runtime.resource.loader.ClasspathResourceLoader
2016-10-07 12:19:42,757 - ClasspathResourceLoader : initialization starting.
2016-10-07 12:19:42,757 - ClasspathResourceLoader : initialization complete.
2016-10-07 12:19:42,759 - ResourceCache : initialized. (class org.apache.velocity.runtime.resource.ResourceCacheImpl)
2016-10-07 12:19:42,759 - Default ResourceManager initialization complete.
2016-10-07 12:19:42,763 - Loaded System Directive: org.apache.velocity.runtime.directive.Literal
2016-10-07 12:19:42,765 - Loaded System Directive: org.apache.velocity.runtime.directive.Macro
2016-10-07 12:19:42,770 - Loaded System Directive: org.apache.velocity.runtime.directive.Parse
2016-10-07 12:19:42,772 - Loaded System Directive: org.apache.velocity.runtime.directive.Include
2016-10-07 12:19:42,774 - Loaded System Directive: org.apache.velocity.runtime.directive.Foreach
2016-10-07 12:19:42,810 - Created: 20 parsers.
2016-10-07 12:19:42,823 - Velocimacro : initialization starting.
2016-10-07 12:19:42,823 - Velocimacro : adding VMs from VM library template : VM_global_library.vm
2016-10-07 12:19:42,834 - ResourceManager : unable to find resource 'VM_global_library.vm' in any resource loader.
2016-10-07 12:19:42,835 - Velocimacro : error using  VM library template VM_global_library.vm : org.apache.velocity.exception.ResourceNotFoundException: Unable to find resource 'VM_global_library.vm'
2016-10-07 12:19:42,835 - Velocimacro :  VM library template macro registration complete.
2016-10-07 12:19:42,835 - Velocimacro : allowInline = true : VMs can be defined inline in templates
2016-10-07 12:19:42,835 - Velocimacro : allowInlineToOverride = false : VMs defined inline may NOT replace previous VM definitions
2016-10-07 12:19:42,835 - Velocimacro : allowInlineLocal = false : VMs defined inline will be  global in scope if allowed.
2016-10-07 12:19:42,835 - Velocimacro : messages on  : VM system will output logging messages
2016-10-07 12:19:42,835 - Velocimacro : autoload off  : VM system will not automatically reload global library macros
2016-10-07 12:19:42,835 - Velocimacro : initialization complete.
2016-10-07 12:19:42,835 - Velocity successfully started.
2016-10-07 12:20:22,825 - ResourceManager : found repast/simphony/scenario/Scenario.vt with loader org.apache.velocity.runtime.resource.loader.ClasspathResourceLoader
2016-10-07 12:20:40,907 - SimpleLog4JLogSystem initialized using logfile 'velocity.log'
2016-10-07 12:20:40,907 - ************************************************************** 
2016-10-07 12:20:40,907 - Starting Jakarta Velocity v1.4
2016-10-07 12:20:40,907 - RuntimeInstance initializing.
2016-10-07 12:20:40,907 - Default Properties File: org\apache\velocity\runtime\defaults\velocity.properties
2016-10-07 12:20:40,907 - Trying to use logger class org.apache.velocity.runtime.log.SimpleLog4JLogSystem
2016-10-07 12:20:40,907 - Using logger class org.apache.velocity.runtime.log.SimpleLog4JLogSystem
2016-10-07 12:20:40,911 - Default ResourceManager initializing. (class org.apache.velocity.runtime.resource.ResourceManagerImpl)
2016-10-07 12:20:40,914 - Resource Loader Instantiated: org.apache.velocity.runtime.resource.loader.ClasspathResourceLoader
2016-10-07 12:20:40,914 - ClasspathResourceLoader : initialization starting.
2016-10-07 12:20:40,914 - ClasspathResourceLoader : initialization complete.
2016-10-07 12:20:40,917 - ResourceCache : initialized. (class org.apache.velocity.runtime.resource.ResourceCacheImpl)
2016-10-07 12:20:40,917 - Default ResourceManager initialization complete.
2016-10-07 12:20:40,920 - Loaded System Directive: org.apache.velocity.runtime.directive.Literal
2016-10-07 12:20:40,922 - Loaded System Directive: org.apache.velocity.runtime.directive.Macro
2016-10-07 12:20:40,927 - Loaded System Directive: org.apache.velocity.runtime.directive.Parse
2016-10-07 12:20:40,929 - Loaded System Directive: org.apache.velocity.runtime.directive.Include
2016-10-07 12:20:40,931 - Loaded System Directive: org.apache.velocity.runtime.directive.Foreach
2016-10-07 12:20:40,966 - Created: 20 parsers.
2016-10-07 12:20:40,979 - Velocimacro : initialization starting.
2016-10-07 12:20:40,979 - Velocimacro : adding VMs from VM library template : VM_global_library.vm
2016-10-07 12:20:40,991 - ResourceManager : unable to find resource 'VM_global_library.vm' in any resource loader.
2016-10-07 12:20:40,991 - Velocimacro : error using  VM library template VM_global_library.vm : org.apache.velocity.exception.ResourceNotFoundException: Unable to find resource 'VM_global_library.vm'
2016-10-07 12:20:40,991 - Velocimacro :  VM library template macro registration complete.
2016-10-07 12:20:40,991 - Velocimacro : allowInline = true : VMs can be defined inline in templates
2016-10-07 12:20:40,991 - Velocimacro : allowInlineToOverride = false : VMs defined inline may NOT replace previous VM definitions
2016-10-07 12:20:40,991 - Velocimacro : allowInlineLocal = false : VMs defined inline will be  global in scope if allowed.
2016-10-07 12:20:40,991 - Velocimacro : messages on  : VM system will output logging messages
2016-10-07 12:20:40,991 - Velocimacro : autoload off  : VM system will not automatically reload global library macros
2016-10-07 12:20:40,991 - Velocimacro : initialization complete.
2016-10-07 12:20:40,991 - Velocity successfully started.
2016-10-07 12:22:19,152 - SimpleLog4JLogSystem initialized using logfile 'velocity.log'
2016-10-07 12:22:19,152 - ************************************************************** 
2016-10-07 12:22:19,152 - Starting Jakarta Velocity v1.4
2016-10-07 12:22:19,152 - RuntimeInstance initializing.
2016-10-07 12:22:19,152 - Default Properties File: org\apache\velocity\runtime\defaults\velocity.properties
2016-10-07 12:22:19,152 - Trying to use logger class org.apache.velocity.runtime.log.SimpleLog4JLogSystem
2016-10-07 12:22:19,152 - Using logger class org.apache.velocity.runtime.log.SimpleLog4JLogSystem
2016-10-07 12:22:19,156 - Default ResourceManager initializing. (class org.apache.velocity.runtime.resource.ResourceManagerImpl)
2016-10-07 12:22:19,159 - Resource Loader Instantiated: org.apache.velocity.runtime.resource.loader.ClasspathResourceLoader
2016-10-07 12:22:19,159 - ClasspathResourceLoader : initialization starting.
2016-10-07 12:22:19,160 - ClasspathResourceLoader : initialization complete.
2016-10-07 12:22:19,162 - ResourceCache : initialized. (class org.apache.velocity.runtime.resource.ResourceCacheImpl)
2016-10-07 12:22:19,162 - Default ResourceManager initialization complete.
2016-10-07 12:22:19,165 - Loaded System Directive: org.apache.velocity.runtime.directive.Literal
2016-10-07 12:22:19,167 - Loaded System Directive: org.apache.velocity.runtime.directive.Macro
2016-10-07 12:22:19,172 - Loaded System Directive: org.apache.velocity.runtime.directive.Parse
2016-10-07 12:22:19,175 - Loaded System Directive: org.apache.velocity.runtime.directive.Include
2016-10-07 12:22:19,176 - Loaded System Directive: org.apache.velocity.runtime.directive.Foreach
2016-10-07 12:22:19,214 - Created: 20 parsers.
2016-10-07 12:22:19,229 - Velocimacro : initialization starting.
2016-10-07 12:22:19,229 - Velocimacro : adding VMs from VM library template : VM_global_library.vm
2016-10-07 12:22:19,241 - ResourceManager : unable to find resource 'VM_global_library.vm' in any resource loader.
2016-10-07 12:22:19,241 - Velocimacro : error using  VM library template VM_global_library.vm : org.apache.velocity.exception.ResourceNotFoundException: Unable to find resource 'VM_global_library.vm'
2016-10-07 12:22:19,241 - Velocimacro :  VM library template macro registration complete.
2016-10-07 12:22:19,241 - Velocimacro : allowInline = true : VMs can be defined inline in templates
2016-10-07 12:22:19,241 - Velocimacro : allowInlineToOverride = false : VMs defined inline may NOT replace previous VM definitions
2016-10-07 12:22:19,241 - Velocimacro : allowInlineLocal = false : VMs defined inline will be  global in scope if allowed.
2016-10-07 12:22:19,241 - Velocimacro : messages on  : VM system will output logging messages
2016-10-07 12:22:19,241 - Velocimacro : autoload off  : VM system will not automatically reload global library macros
2016-10-07 12:22:19,241 - Velocimacro : initialization complete.
2016-10-07 12:22:19,241 - Velocity successfully started.
2016-10-20 16:48:21,689 - SimpleLog4JLogSystem initialized using logfile 'velocity.log'
2016-10-20 16:48:21,696 - ************************************************************** 
2016-10-20 16:48:21,696 - Starting Jakarta Velocity v1.4
2016-10-20 16:48:21,696 - RuntimeInstance initializing.
2016-10-20 16:48:21,696 - Default Properties File: org\apache\velocity\runtime\defaults\velocity.properties
2016-10-20 16:48:21,696 - Trying to use logger class org.apache.velocity.runtime.log.SimpleLog4JLogSystem
2016-10-20 16:48:21,696 - Using logger class org.apache.velocity.runtime.log.SimpleLog4JLogSystem
2016-10-20 16:48:21,700 - Default ResourceManager initializing. (class org.apache.velocity.runtime.resource.ResourceManagerImpl)
2016-10-20 16:48:21,704 - Resource Loader Instantiated: org.apache.velocity.runtime.resource.loader.ClasspathResourceLoader
2016-10-20 16:48:21,704 - ClasspathResourceLoader : initialization starting.
2016-10-20 16:48:21,704 - ClasspathResourceLoader : initialization complete.
2016-10-20 16:48:21,706 - ResourceCache : initialized. (class org.apache.velocity.runtime.resource.ResourceCacheImpl)
2016-10-20 16:48:21,706 - Default ResourceManager initialization complete.
2016-10-20 16:48:21,709 - Loaded System Directive: org.apache.velocity.runtime.directive.Literal
2016-10-20 16:48:21,712 - Loaded System Directive: org.apache.velocity.runtime.directive.Macro
2016-10-20 16:48:21,717 - Loaded System Directive: org.apache.velocity.runtime.directive.Parse
2016-10-20 16:48:21,719 - Loaded System Directive: org.apache.velocity.runtime.directive.Include
2016-10-20 16:48:21,720 - Loaded System Directive: org.apache.velocity.runtime.directive.Foreach
2016-10-20 16:48:21,756 - Created: 20 parsers.
2016-10-20 16:48:21,770 - Velocimacro : initialization starting.
2016-10-20 16:48:21,770 - Velocimacro : adding VMs from VM library template : VM_global_library.vm
2016-10-20 16:48:21,781 - ResourceManager : unable to find resource 'VM_global_library.vm' in any resource loader.
2016-10-20 16:48:21,781 - Velocimacro : error using  VM library template VM_global_library.vm : org.apache.velocity.exception.ResourceNotFoundException: Unable to find resource 'VM_global_library.vm'
2016-10-20 16:48:21,781 - Velocimacro :  VM library template macro registration complete.
2016-10-20 16:48:21,781 - Velocimacro : allowInline = true : VMs can be defined inline in templates
2016-10-20 16:48:21,781 - Velocimacro : allowInlineToOverride = false : VMs defined inline may NOT replace previous VM definitions
2016-10-20 16:48:21,781 - Velocimacro : allowInlineLocal = false : VMs defined inline will be  global in scope if allowed.
2016-10-20 16:48:21,781 - Velocimacro : messages on  : VM system will output logging messages
2016-10-20 16:48:21,781 - Velocimacro : autoload off  : VM system will not automatically reload global library macros
2016-10-20 16:48:21,781 - Velocimacro : initialization complete.
2016-10-20 16:48:21,782 - Velocity successfully started.
2016-10-21 09:24:53,354 - SimpleLog4JLogSystem initialized using logfile 'velocity.log'
2016-10-21 09:24:53,354 - ************************************************************** 
2016-10-21 09:24:53,354 - Starting Jakarta Velocity v1.4
2016-10-21 09:24:53,354 - RuntimeInstance initializing.
2016-10-21 09:24:53,354 - Default Properties File: org\apache\velocity\runtime\defaults\velocity.properties
2016-10-21 09:24:53,354 - Trying to use logger class org.apache.velocity.runtime.log.SimpleLog4JLogSystem
2016-10-21 09:24:53,354 - Using logger class org.apache.velocity.runtime.log.SimpleLog4JLogSystem
2016-10-21 09:24:53,358 - Default ResourceManager initializing. (class org.apache.velocity.runtime.resource.ResourceManagerImpl)
2016-10-21 09:24:53,362 - Resource Loader Instantiated: org.apache.velocity.runtime.resource.loader.ClasspathResourceLoader
2016-10-21 09:24:53,362 - ClasspathResourceLoader : initialization starting.
2016-10-21 09:24:53,362 - ClasspathResourceLoader : initialization complete.
2016-10-21 09:24:53,365 - ResourceCache : initialized. (class org.apache.velocity.runtime.resource.ResourceCacheImpl)
2016-10-21 09:24:53,365 - Default ResourceManager initialization complete.
2016-10-21 09:24:53,368 - Loaded System Directive: org.apache.velocity.runtime.directive.Literal
2016-10-21 09:24:53,370 - Loaded System Directive: org.apache.velocity.runtime.directive.Macro
2016-10-21 09:24:53,375 - Loaded System Directive: org.apache.velocity.runtime.directive.Parse
2016-10-21 09:24:53,378 - Loaded System Directive: org.apache.velocity.runtime.directive.Include
2016-10-21 09:24:53,379 - Loaded System Directive: org.apache.velocity.runtime.directive.Foreach
2016-10-21 09:24:53,416 - Created: 20 parsers.
2016-10-21 09:24:53,430 - Velocimacro : initialization starting.
2016-10-21 09:24:53,430 - Velocimacro : adding VMs from VM library template : VM_global_library.vm
2016-10-21 09:24:53,441 - ResourceManager : unable to find resource 'VM_global_library.vm' in any resource loader.
2016-10-21 09:24:53,441 - Velocimacro : error using  VM library template VM_global_library.vm : org.apache.velocity.exception.ResourceNotFoundException: Unable to find resource 'VM_global_library.vm'
2016-10-21 09:24:53,441 - Velocimacro :  VM library template macro registration complete.
2016-10-21 09:24:53,441 - Velocimacro : allowInline = true : VMs can be defined inline in templates
2016-10-21 09:24:53,441 - Velocimacro : allowInlineToOverride = false : VMs defined inline may NOT replace previous VM definitions
2016-10-21 09:24:53,441 - Velocimacro : allowInlineLocal = false : VMs defined inline will be  global in scope if allowed.
2016-10-21 09:24:53,441 - Velocimacro : messages on  : VM system will output logging messages
2016-10-21 09:24:53,441 - Velocimacro : autoload off  : VM system will not automatically reload global library macros
2016-10-21 09:24:53,441 - Velocimacro : initialization complete.
2016-10-21 09:24:53,441 - Velocity successfully started.
2016-10-21 09:48:22,303 - SimpleLog4JLogSystem initialized using logfile 'velocity.log'
2016-10-21 09:48:22,304 - ************************************************************** 
2016-10-21 09:48:22,304 - Starting Jakarta Velocity v1.4
2016-10-21 09:48:22,304 - RuntimeInstance initializing.
2016-10-21 09:48:22,304 - Default Properties File: org\apache\velocity\runtime\defaults\velocity.properties
2016-10-21 09:48:22,304 - Trying to use logger class org.apache.velocity.runtime.log.SimpleLog4JLogSystem
2016-10-21 09:48:22,304 - Using logger class org.apache.velocity.runtime.log.SimpleLog4JLogSystem
2016-10-21 09:48:22,307 - Default ResourceManager initializing. (class org.apache.velocity.runtime.resource.ResourceManagerImpl)
2016-10-21 09:48:22,311 - Resource Loader Instantiated: org.apache.velocity.runtime.resource.loader.ClasspathResourceLoader
2016-10-21 09:48:22,311 - ClasspathResourceLoader : initialization starting.
2016-10-21 09:48:22,311 - ClasspathResourceLoader : initialization complete.
2016-10-21 09:48:22,313 - ResourceCache : initialized. (class org.apache.velocity.runtime.resource.ResourceCacheImpl)
2016-10-21 09:48:22,313 - Default ResourceManager initialization complete.
2016-10-21 09:48:22,316 - Loaded System Directive: org.apache.velocity.runtime.directive.Literal
2016-10-21 09:48:22,319 - Loaded System Directive: org.apache.velocity.runtime.directive.Macro
2016-10-21 09:48:22,324 - Loaded System Directive: org.apache.velocity.runtime.directive.Parse
2016-10-21 09:48:22,326 - Loaded System Directive: org.apache.velocity.runtime.directive.Include
2016-10-21 09:48:22,328 - Loaded System Directive: org.apache.velocity.runtime.directive.Foreach
2016-10-21 09:48:22,364 - Created: 20 parsers.
2016-10-21 09:48:22,378 - Velocimacro : initialization starting.
2016-10-21 09:48:22,378 - Velocimacro : adding VMs from VM library template : VM_global_library.vm
2016-10-21 09:48:22,389 - ResourceManager : unable to find resource 'VM_global_library.vm' in any resource loader.
2016-10-21 09:48:22,389 - Velocimacro : error using  VM library template VM_global_library.vm : org.apache.velocity.exception.ResourceNotFoundException: Unable to find resource 'VM_global_library.vm'
2016-10-21 09:48:22,389 - Velocimacro :  VM library template macro registration complete.
2016-10-21 09:48:22,390 - Velocimacro : allowInline = true : VMs can be defined inline in templates
2016-10-21 09:48:22,390 - Velocimacro : allowInlineToOverride = false : VMs defined inline may NOT replace previous VM definitions
2016-10-21 09:48:22,390 - Velocimacro : allowInlineLocal = false : VMs defined inline will be  global in scope if allowed.
2016-10-21 09:48:22,390 - Velocimacro : messages on  : VM system will output logging messages
2016-10-21 09:48:22,390 - Velocimacro : autoload off  : VM system will not automatically reload global library macros
2016-10-21 09:48:22,390 - Velocimacro : initialization complete.
2016-10-21 09:48:22,390 - Velocity successfully started.
2016-10-21 09:52:29,731 - SimpleLog4JLogSystem initialized using logfile 'velocity.log'
2016-10-21 09:52:29,731 - ************************************************************** 
2016-10-21 09:52:29,731 - Starting Jakarta Velocity v1.4
2016-10-21 09:52:29,731 - RuntimeInstance initializing.
2016-10-21 09:52:29,731 - Default Properties File: org\apache\velocity\runtime\defaults\velocity.properties
2016-10-21 09:52:29,731 - Trying to use logger class org.apache.velocity.runtime.log.SimpleLog4JLogSystem
2016-10-21 09:52:29,731 - Using logger class org.apache.velocity.runtime.log.SimpleLog4JLogSystem
2016-10-21 09:52:29,735 - Default ResourceManager initializing. (class org.apache.velocity.runtime.resource.ResourceManagerImpl)
2016-10-21 09:52:29,738 - Resource Loader Instantiated: org.apache.velocity.runtime.resource.loader.ClasspathResourceLoader
2016-10-21 09:52:29,738 - ClasspathResourceLoader : initialization starting.
2016-10-21 09:52:29,738 - ClasspathResourceLoader : initialization complete.
2016-10-21 09:52:29,740 - ResourceCache : initialized. (class org.apache.velocity.runtime.resource.ResourceCacheImpl)
2016-10-21 09:52:29,740 - Default ResourceManager initialization complete.
2016-10-21 09:52:29,744 - Loaded System Directive: org.apache.velocity.runtime.directive.Literal
2016-10-21 09:52:29,746 - Loaded System Directive: org.apache.velocity.runtime.directive.Macro
2016-10-21 09:52:29,751 - Loaded System Directive: org.apache.velocity.runtime.directive.Parse
2016-10-21 09:52:29,753 - Loaded System Directive: org.apache.velocity.runtime.directive.Include
2016-10-21 09:52:29,755 - Loaded System Directive: org.apache.velocity.runtime.directive.Foreach
2016-10-21 09:52:29,790 - Created: 20 parsers.
2016-10-21 09:52:29,803 - Velocimacro : initialization starting.
2016-10-21 09:52:29,803 - Velocimacro : adding VMs from VM library template : VM_global_library.vm
2016-10-21 09:52:29,814 - ResourceManager : unable to find resource 'VM_global_library.vm' in any resource loader.
2016-10-21 09:52:29,815 - Velocimacro : error using  VM library template VM_global_library.vm : org.apache.velocity.exception.ResourceNotFoundException: Unable to find resource 'VM_global_library.vm'
2016-10-21 09:52:29,815 - Velocimacro :  VM library template macro registration complete.
2016-10-21 09:52:29,815 - Velocimacro : allowInline = true : VMs can be defined inline in templates
2016-10-21 09:52:29,815 - Velocimacro : allowInlineToOverride = false : VMs defined inline may NOT replace previous VM definitions
2016-10-21 09:52:29,815 - Velocimacro : allowInlineLocal = false : VMs defined inline will be  global in scope if allowed.
2016-10-21 09:52:29,815 - Velocimacro : messages on  : VM system will output logging messages
2016-10-21 09:52:29,815 - Velocimacro : autoload off  : VM system will not automatically reload global library macros
2016-10-21 09:52:29,815 - Velocimacro : initialization complete.
2016-10-21 09:52:29,815 - Velocity successfully started.
2016-10-21 09:55:46,194 - ResourceManager : found repast/simphony/scenario/Scenario.vt with loader org.apache.velocity.runtime.resource.loader.ClasspathResourceLoader
2016-10-21 09:55:49,104 - ResourceManager : found repast/simphony/scenario/Scenario.vt with loader org.apache.velocity.runtime.resource.loader.ClasspathResourceLoader
2016-10-21 09:58:50,259 - SimpleLog4JLogSystem initialized using logfile 'velocity.log'
2016-10-21 09:58:50,260 - ************************************************************** 
2016-10-21 09:58:50,260 - Starting Jakarta Velocity v1.4
2016-10-21 09:58:50,260 - RuntimeInstance initializing.
2016-10-21 09:58:50,260 - Default Properties File: org\apache\velocity\runtime\defaults\velocity.properties
2016-10-21 09:58:50,260 - Trying to use logger class org.apache.velocity.runtime.log.SimpleLog4JLogSystem
2016-10-21 09:58:50,260 - Using logger class org.apache.velocity.runtime.log.SimpleLog4JLogSystem
2016-10-21 09:58:50,263 - Default ResourceManager initializing. (class org.apache.velocity.runtime.resource.ResourceManagerImpl)
2016-10-21 09:58:50,268 - Resource Loader Instantiated: org.apache.velocity.runtime.resource.loader.ClasspathResourceLoader
2016-10-21 09:58:50,268 - ClasspathResourceLoader : initialization starting.
2016-10-21 09:58:50,268 - ClasspathResourceLoader : initialization complete.
2016-10-21 09:58:50,270 - ResourceCache : initialized. (class org.apache.velocity.runtime.resource.ResourceCacheImpl)
2016-10-21 09:58:50,270 - Default ResourceManager initialization complete.
2016-10-21 09:58:50,274 - Loaded System Directive: org.apache.velocity.runtime.directive.Literal
2016-10-21 09:58:50,276 - Loaded System Directive: org.apache.velocity.runtime.directive.Macro
2016-10-21 09:58:50,281 - Loaded System Directive: org.apache.velocity.runtime.directive.Parse
2016-10-21 09:58:50,283 - Loaded System Directive: org.apache.velocity.runtime.directive.Include
2016-10-21 09:58:50,284 - Loaded System Directive: org.apache.velocity.runtime.directive.Foreach
2016-10-21 09:58:50,320 - Created: 20 parsers.
2016-10-21 09:58:50,334 - Velocimacro : initialization starting.
2016-10-21 09:58:50,334 - Velocimacro : adding VMs from VM library template : VM_global_library.vm
2016-10-21 09:58:50,345 - ResourceManager : unable to find resource 'VM_global_library.vm' in any resource loader.
2016-10-21 09:58:50,345 - Velocimacro : error using  VM library template VM_global_library.vm : org.apache.velocity.exception.ResourceNotFoundException: Unable to find resource 'VM_global_library.vm'
2016-10-21 09:58:50,345 - Velocimacro :  VM library template macro registration complete.
2016-10-21 09:58:50,345 - Velocimacro : allowInline = true : VMs can be defined inline in templates
2016-10-21 09:58:50,345 - Velocimacro : allowInlineToOverride = false : VMs defined inline may NOT replace previous VM definitions
2016-10-21 09:58:50,345 - Velocimacro : allowInlineLocal = false : VMs defined inline will be  global in scope if allowed.
2016-10-21 09:58:50,345 - Velocimacro : messages on  : VM system will output logging messages
2016-10-21 09:58:50,345 - Velocimacro : autoload off  : VM system will not automatically reload global library macros
2016-10-21 09:58:50,345 - Velocimacro : initialization complete.
2016-10-21 09:58:50,345 - Velocity successfully started.
2016-10-21 10:05:13,831 - SimpleLog4JLogSystem initialized using logfile 'velocity.log'
2016-10-21 10:05:13,831 - ************************************************************** 
2016-10-21 10:05:13,831 - Starting Jakarta Velocity v1.4
2016-10-21 10:05:13,831 - RuntimeInstance initializing.
2016-10-21 10:05:13,831 - Default Properties File: org\apache\velocity\runtime\defaults\velocity.properties
2016-10-21 10:05:13,831 - Trying to use logger class org.apache.velocity.runtime.log.SimpleLog4JLogSystem
2016-10-21 10:05:13,832 - Using logger class org.apache.velocity.runtime.log.SimpleLog4JLogSystem
2016-10-21 10:05:13,835 - Default ResourceManager initializing. (class org.apache.velocity.runtime.resource.ResourceManagerImpl)
2016-10-21 10:05:13,839 - Resource Loader Instantiated: org.apache.velocity.runtime.resource.loader.ClasspathResourceLoader
2016-10-21 10:05:13,839 - ClasspathResourceLoader : initialization starting.
2016-10-21 10:05:13,839 - ClasspathResourceLoader : initialization complete.
2016-10-21 10:05:13,841 - ResourceCache : initialized. (class org.apache.velocity.runtime.resource.ResourceCacheImpl)
2016-10-21 10:05:13,841 - Default ResourceManager initialization complete.
2016-10-21 10:05:13,844 - Loaded System Directive: org.apache.velocity.runtime.directive.Literal
2016-10-21 10:05:13,847 - Loaded System Directive: org.apache.velocity.runtime.directive.Macro
2016-10-21 10:05:13,852 - Loaded System Directive: org.apache.velocity.runtime.directive.Parse
2016-10-21 10:05:13,854 - Loaded System Directive: org.apache.velocity.runtime.directive.Include
2016-10-21 10:05:13,855 - Loaded System Directive: org.apache.velocity.runtime.directive.Foreach
2016-10-21 10:05:13,892 - Created: 20 parsers.
2016-10-21 10:05:13,905 - Velocimacro : initialization starting.
2016-10-21 10:05:13,905 - Velocimacro : adding VMs from VM library template : VM_global_library.vm
2016-10-21 10:05:13,916 - ResourceManager : unable to find resource 'VM_global_library.vm' in any resource loader.
2016-10-21 10:05:13,916 - Velocimacro : error using  VM library template VM_global_library.vm : org.apache.velocity.exception.ResourceNotFoundException: Unable to find resource 'VM_global_library.vm'
2016-10-21 10:05:13,916 - Velocimacro :  VM library template macro registration complete.
2016-10-21 10:05:13,916 - Velocimacro : allowInline = true : VMs can be defined inline in templates
2016-10-21 10:05:13,916 - Velocimacro : allowInlineToOverride = false : VMs defined inline may NOT replace previous VM definitions
2016-10-21 10:05:13,916 - Velocimacro : allowInlineLocal = false : VMs defined inline will be  global in scope if allowed.
2016-10-21 10:05:13,916 - Velocimacro : messages on  : VM system will output logging messages
2016-10-21 10:05:13,916 - Velocimacro : autoload off  : VM system will not automatically reload global library macros
2016-10-21 10:05:13,916 - Velocimacro : initialization complete.
2016-10-21 10:05:13,916 - Velocity successfully started.
2016-10-21 10:06:17,739 - ResourceManager : found repast/simphony/scenario/Scenario.vt with loader org.apache.velocity.runtime.resource.loader.ClasspathResourceLoader
2016-10-21 10:07:29,156 - ResourceManager : found repast/simphony/scenario/Scenario.vt with loader org.apache.velocity.runtime.resource.loader.ClasspathResourceLoader
2016-10-21 10:15:11,140 - SimpleLog4JLogSystem initialized using logfile 'velocity.log'
2016-10-21 10:15:11,140 - ************************************************************** 
2016-10-21 10:15:11,140 - Starting Jakarta Velocity v1.4
2016-10-21 10:15:11,140 - RuntimeInstance initializing.
2016-10-21 10:15:11,140 - Default Properties File: org\apache\velocity\runtime\defaults\velocity.properties
2016-10-21 10:15:11,140 - Trying to use logger class org.apache.velocity.runtime.log.SimpleLog4JLogSystem
2016-10-21 10:15:11,141 - Using logger class org.apache.velocity.runtime.log.SimpleLog4JLogSystem
2016-10-21 10:15:11,145 - Default ResourceManager initializing. (class org.apache.velocity.runtime.resource.ResourceManagerImpl)
2016-10-21 10:15:11,149 - Resource Loader Instantiated: org.apache.velocity.runtime.resource.loader.ClasspathResourceLoader
2016-10-21 10:15:11,149 - ClasspathResourceLoader : initialization starting.
2016-10-21 10:15:11,149 - ClasspathResourceLoader : initialization complete.
2016-10-21 10:15:11,151 - ResourceCache : initialized. (class org.apache.velocity.runtime.resource.ResourceCacheImpl)
2016-10-21 10:15:11,151 - Default ResourceManager initialization complete.
2016-10-21 10:15:11,154 - Loaded System Directive: org.apache.velocity.runtime.directive.Literal
2016-10-21 10:15:11,156 - Loaded System Directive: org.apache.velocity.runtime.directive.Macro
2016-10-21 10:15:11,162 - Loaded System Directive: org.apache.velocity.runtime.directive.Parse
2016-10-21 10:15:11,164 - Loaded System Directive: org.apache.velocity.runtime.directive.Include
2016-10-21 10:15:11,165 - Loaded System Directive: org.apache.velocity.runtime.directive.Foreach
2016-10-21 10:15:11,201 - Created: 20 parsers.
2016-10-21 10:15:11,215 - Velocimacro : initialization starting.
2016-10-21 10:15:11,215 - Velocimacro : adding VMs from VM library template : VM_global_library.vm
2016-10-21 10:15:11,226 - ResourceManager : unable to find resource 'VM_global_library.vm' in any resource loader.
2016-10-21 10:15:11,226 - Velocimacro : error using  VM library template VM_global_library.vm : org.apache.velocity.exception.ResourceNotFoundException: Unable to find resource 'VM_global_library.vm'
2016-10-21 10:15:11,226 - Velocimacro :  VM library template macro registration complete.
2016-10-21 10:15:11,226 - Velocimacro : allowInline = true : VMs can be defined inline in templates
2016-10-21 10:15:11,226 - Velocimacro : allowInlineToOverride = false : VMs defined inline may NOT replace previous VM definitions
2016-10-21 10:15:11,226 - Velocimacro : allowInlineLocal = false : VMs defined inline will be  global in scope if allowed.
2016-10-21 10:15:11,226 - Velocimacro : messages on  : VM system will output logging messages
2016-10-21 10:15:11,226 - Velocimacro : autoload off  : VM system will not automatically reload global library macros
2016-10-21 10:15:11,226 - Velocimacro : initialization complete.
2016-10-21 10:15:11,226 - Velocity successfully started.
2016-10-21 10:17:47,593 - ResourceManager : found repast/simphony/scenario/Scenario.vt with loader org.apache.velocity.runtime.resource.loader.ClasspathResourceLoader
2016-10-21 10:17:48,369 - ResourceManager : found repast/simphony/scenario/Scenario.vt with loader org.apache.velocity.runtime.resource.loader.ClasspathResourceLoader
2016-10-21 10:19:39,316 - ResourceManager : found repast/simphony/scenario/Scenario.vt with loader org.apache.velocity.runtime.resource.loader.ClasspathResourceLoader
2016-10-21 10:20:48,033 - ResourceManager : found repast/simphony/scenario/Scenario.vt with loader org.apache.velocity.runtime.resource.loader.ClasspathResourceLoader
